{"/Users/mariusklemppetersen/Documents/NTNU/Semester4/Systemutvikling/boco-frontend/src/main.js": {"path":"/Users/mariusklemppetersen/Documents/NTNU/Semester4/Systemutvikling/boco-frontend/src/main.js","statementMap":{"0":{"start":{"line":10,"column":12},"end":{"line":19,"column":16}},"1":{"start":{"line":20,"column":0},"end":{"line":20,"column":41}}},"fnMap":{},"branchMap":{},"s":{"0":0,"1":0},"f":{},"b":{}}
,"/Users/mariusklemppetersen/Documents/NTNU/Semester4/Systemutvikling/boco-frontend/src/components/ChatCard.vue": {"path":"/Users/mariusklemppetersen/Documents/NTNU/Semester4/Systemutvikling/boco-frontend/src/components/ChatCard.vue","statementMap":{"0":{"start":{"line":29,"column":15},"end":{"line":29,"column":null}},"1":{"start":{"line":39,"column":6},"end":{"line":39,"column":11}},"2":{"start":{"line":40,"column":6},"end":{"line":40,"column":11}},"3":{"start":{"line":45,"column":6},"end":{"line":45,"column":13}},"4":{"start":{"line":48,"column":6},"end":{"line":50,"column":null}},"5":{"start":{"line":49,"column":8},"end":{"line":49,"column":15}},"6":{"start":{"line":51,"column":6},"end":{"line":51,"column":13}},"7":{"start":{"line":54,"column":6},"end":{"line":59,"column":null}},"8":{"start":{"line":55,"column":8},"end":{"line":57,"column":null}},"9":{"start":{"line":56,"column":10},"end":{"line":56,"column":17}},"10":{"start":{"line":58,"column":8},"end":{"line":58,"column":15}},"11":{"start":{"line":60,"column":6},"end":{"line":60,"column":13}},"12":{"start":{"line":63,"column":6},"end":{"line":63,"column":14}},"13":{"start":{"line":65,"column":10},"end":{"line":65,"column":17}},"14":{"start":{"line":67,"column":10},"end":{"line":67,"column":17}},"15":{"start":{"line":69,"column":10},"end":{"line":69,"column":17}},"16":{"start":{"line":71,"column":10},"end":{"line":71,"column":17}},"17":{"start":{"line":73,"column":10},"end":{"line":73,"column":17}},"18":{"start":{"line":75,"column":10},"end":{"line":75,"column":17}},"19":{"start":{"line":77,"column":10},"end":{"line":77,"column":17}}},"fnMap":{"0":{"name":"(anonymous_0)","decl":{"start":{"line":38,"column":4},"end":{"line":38,"column":12}},"loc":{"start":{"line":38,"column":15},"end":{"line":41,"column":null}}},"1":{"name":"(anonymous_1)","decl":{"start":{"line":44,"column":4},"end":{"line":44,"column":12}},"loc":{"start":{"line":44,"column":15},"end":{"line":46,"column":null}}},"2":{"name":"(anonymous_2)","decl":{"start":{"line":47,"column":4},"end":{"line":47,"column":8}},"loc":{"start":{"line":47,"column":11},"end":{"line":52,"column":null}}},"3":{"name":"(anonymous_3)","decl":{"start":{"line":53,"column":4},"end":{"line":53,"column":18}},"loc":{"start":{"line":53,"column":21},"end":{"line":61,"column":null}}},"4":{"name":"(anonymous_4)","decl":{"start":{"line":62,"column":4},"end":{"line":62,"column":17}},"loc":{"start":{"line":62,"column":20},"end":{"line":79,"column":null}}}},"branchMap":{"0":{"loc":{"start":{"line":48,"column":6},"end":{"line":50,"column":null}},"type":"if","locations":[{"start":{"line":48,"column":6},"end":{"line":50,"column":null}}]},"1":{"loc":{"start":{"line":54,"column":6},"end":{"line":59,"column":null}},"type":"if","locations":[{"start":{"line":54,"column":6},"end":{"line":59,"column":null}}]},"2":{"loc":{"start":{"line":55,"column":8},"end":{"line":57,"column":null}},"type":"if","locations":[{"start":{"line":55,"column":8},"end":{"line":57,"column":null}}]},"3":{"loc":{"start":{"line":63,"column":6},"end":{"line":63,"column":14}},"type":"switch","locations":[{"start":{"line":64,"column":8},"end":{"line":65,"column":17}},{"start":{"line":66,"column":8},"end":{"line":67,"column":17}},{"start":{"line":68,"column":8},"end":{"line":69,"column":17}},{"start":{"line":70,"column":8},"end":{"line":71,"column":17}},{"start":{"line":72,"column":8},"end":{"line":73,"column":17}},{"start":{"line":74,"column":8},"end":{"line":75,"column":17}},{"start":{"line":76,"column":8},"end":{"line":77,"column":17}}]}},"s":{"0":0,"1":0,"2":0,"3":0,"4":0,"5":0,"6":0,"7":0,"8":0,"9":0,"10":0,"11":0,"12":0,"13":0,"14":0,"15":0,"16":0,"17":0,"18":0,"19":0},"f":{"0":0,"1":0,"2":0,"3":0,"4":0},"b":{"0":[0],"1":[0],"2":[0],"3":[0,0,0,0,0,0,0]}}
,"/Users/mariusklemppetersen/Documents/NTNU/Semester4/Systemutvikling/boco-frontend/src/components/FeedbackCard.vue": {"path":"/Users/mariusklemppetersen/Documents/NTNU/Semester4/Systemutvikling/boco-frontend/src/components/FeedbackCard.vue","statementMap":{"0":{"start":{"line":11,"column":15},"end":{"line":11,"column":null}}},"fnMap":{},"branchMap":{},"s":{"0":0},"f":{},"b":{}}
,"/Users/mariusklemppetersen/Documents/NTNU/Semester4/Systemutvikling/boco-frontend/src/components/FooterComponent.vue": {"path":"/Users/mariusklemppetersen/Documents/NTNU/Semester4/Systemutvikling/boco-frontend/src/components/FooterComponent.vue","statementMap":{"0":{"start":{"line":9,"column":15},"end":{"line":9,"column":null}}},"fnMap":{},"branchMap":{},"s":{"0":0},"f":{},"b":{}}
,"/Users/mariusklemppetersen/Documents/NTNU/Semester4/Systemutvikling/boco-frontend/src/components/HamburgerMenu.vue": {"path":"/Users/mariusklemppetersen/Documents/NTNU/Semester4/Systemutvikling/boco-frontend/src/components/HamburgerMenu.vue","statementMap":{"0":{"start":{"line":86,"column":15},"end":{"line":86,"column":null}},"1":{"start":{"line":90,"column":6},"end":{"line":93,"column":null}},"2":{"start":{"line":91,"column":8},"end":{"line":91,"column":15}},"3":{"start":{"line":92,"column":8},"end":{"line":92,"column":13}},"4":{"start":{"line":94,"column":6},"end":{"line":94,"column":11}},"5":{"start":{"line":95,"column":6},"end":{"line":95,"column":11}},"6":{"start":{"line":98,"column":6},"end":{"line":98,"column":12}},"7":{"start":{"line":99,"column":6},"end":{"line":99,"column":11}},"8":{"start":{"line":100,"column":6},"end":{"line":100,"column":11}},"9":{"start":{"line":103,"column":6},"end":{"line":108,"column":null}},"10":{"start":{"line":104,"column":8},"end":{"line":104,"column":13}},"11":{"start":{"line":105,"column":8},"end":{"line":105,"column":13}},"12":{"start":{"line":107,"column":8},"end":{"line":107,"column":13}},"13":{"start":{"line":109,"column":6},"end":{"line":109,"column":11}},"14":{"start":{"line":112,"column":6},"end":{"line":116,"column":null}},"15":{"start":{"line":113,"column":8},"end":{"line":113,"column":13}},"16":{"start":{"line":115,"column":8},"end":{"line":115,"column":13}},"17":{"start":{"line":117,"column":6},"end":{"line":117,"column":11}},"18":{"start":{"line":122,"column":6},"end":{"line":122,"column":13}},"19":{"start":{"line":125,"column":6},"end":{"line":125,"column":13}}},"fnMap":{"0":{"name":"(anonymous_0)","decl":{"start":{"line":89,"column":4},"end":{"line":89,"column":19}},"loc":{"start":{"line":89,"column":24},"end":{"line":96,"column":null}}},"1":{"name":"(anonymous_1)","decl":{"start":{"line":97,"column":4},"end":{"line":97,"column":10}},"loc":{"start":{"line":97,"column":19},"end":{"line":101,"column":null}}},"2":{"name":"(anonymous_2)","decl":{"start":{"line":102,"column":4},"end":{"line":102,"column":15}},"loc":{"start":{"line":102,"column":18},"end":{"line":110,"column":null}}},"3":{"name":"(anonymous_3)","decl":{"start":{"line":111,"column":4},"end":{"line":111,"column":18}},"loc":{"start":{"line":111,"column":21},"end":{"line":118,"column":null}}},"4":{"name":"(anonymous_4)","decl":{"start":{"line":121,"column":4},"end":{"line":121,"column":14}},"loc":{"start":{"line":121,"column":17},"end":{"line":123,"column":null}}},"5":{"name":"(anonymous_5)","decl":{"start":{"line":124,"column":4},"end":{"line":124,"column":19}},"loc":{"start":{"line":124,"column":22},"end":{"line":126,"column":null}}}},"branchMap":{"0":{"loc":{"start":{"line":90,"column":6},"end":{"line":93,"column":null}},"type":"if","locations":[{"start":{"line":90,"column":6},"end":{"line":93,"column":null}}]},"1":{"loc":{"start":{"line":103,"column":6},"end":{"line":108,"column":null}},"type":"if","locations":[{"start":{"line":103,"column":6},"end":{"line":108,"column":null}},{"start":{"line":106,"column":13},"end":{"line":108,"column":null}}]},"2":{"loc":{"start":{"line":112,"column":6},"end":{"line":116,"column":null}},"type":"if","locations":[{"start":{"line":112,"column":6},"end":{"line":116,"column":null}},{"start":{"line":114,"column":13},"end":{"line":116,"column":null}}]}},"s":{"0":0,"1":0,"2":0,"3":0,"4":0,"5":0,"6":0,"7":0,"8":0,"9":0,"10":0,"11":0,"12":0,"13":0,"14":0,"15":0,"16":0,"17":0,"18":0,"19":0},"f":{"0":0,"1":0,"2":0,"3":0,"4":0,"5":0},"b":{"0":[0],"1":[0,0],"2":[0,0]}}
,"/Users/mariusklemppetersen/Documents/NTNU/Semester4/Systemutvikling/boco-frontend/src/components/MessageBox.vue": {"path":"/Users/mariusklemppetersen/Documents/NTNU/Semester4/Systemutvikling/boco-frontend/src/components/MessageBox.vue","statementMap":{"0":{"start":{"line":33,"column":15},"end":{"line":33,"column":null}},"1":{"start":{"line":55,"column":6},"end":{"line":55,"column":13}},"2":{"start":{"line":58,"column":6},"end":{"line":58,"column":13}}},"fnMap":{"0":{"name":"(anonymous_0)","decl":{"start":{"line":54,"column":4},"end":{"line":54,"column":8}},"loc":{"start":{"line":54,"column":11},"end":{"line":56,"column":null}}},"1":{"name":"(anonymous_1)","decl":{"start":{"line":57,"column":4},"end":{"line":57,"column":17}},"loc":{"start":{"line":57,"column":20},"end":{"line":59,"column":null}}}},"branchMap":{},"s":{"0":0,"1":0,"2":0},"f":{"0":0,"1":0},"b":{}}
,"/Users/mariusklemppetersen/Documents/NTNU/Semester4/Systemutvikling/boco-frontend/src/components/baseTools/BaseButton.vue": {"path":"/Users/mariusklemppetersen/Documents/NTNU/Semester4/Systemutvikling/boco-frontend/src/components/baseTools/BaseButton.vue","statementMap":{"0":{"start":{"line":8,"column":15},"end":{"line":8,"column":null}}},"fnMap":{},"branchMap":{},"s":{"0":1},"f":{},"b":{}}
,"/Users/mariusklemppetersen/Documents/NTNU/Semester4/Systemutvikling/boco-frontend/src/components/baseTools/BaseCardHorizontal.vue": {"path":"/Users/mariusklemppetersen/Documents/NTNU/Semester4/Systemutvikling/boco-frontend/src/components/baseTools/BaseCardHorizontal.vue","statementMap":{"0":{"start":{"line":8,"column":15},"end":{"line":8,"column":null}}},"fnMap":{},"branchMap":{},"s":{"0":0},"f":{},"b":{}}
,"/Users/mariusklemppetersen/Documents/NTNU/Semester4/Systemutvikling/boco-frontend/src/components/baseTools/BaseCheckbox.vue": {"path":"/Users/mariusklemppetersen/Documents/NTNU/Semester4/Systemutvikling/boco-frontend/src/components/baseTools/BaseCheckbox.vue","statementMap":{"0":{"start":{"line":14,"column":15},"end":{"line":14,"column":null}}},"fnMap":{},"branchMap":{},"s":{"0":0},"f":{},"b":{}}
,"/Users/mariusklemppetersen/Documents/NTNU/Semester4/Systemutvikling/boco-frontend/src/components/baseTools/BaseErrorMessage.vue": {"path":"/Users/mariusklemppetersen/Documents/NTNU/Semester4/Systemutvikling/boco-frontend/src/components/baseTools/BaseErrorMessage.vue","statementMap":{"0":{"start":{"line":8,"column":15},"end":{"line":8,"column":null}}},"fnMap":{},"branchMap":{},"s":{"0":0},"f":{},"b":{}}
,"/Users/mariusklemppetersen/Documents/NTNU/Semester4/Systemutvikling/boco-frontend/src/components/baseTools/BaseInput.vue": {"path":"/Users/mariusklemppetersen/Documents/NTNU/Semester4/Systemutvikling/boco-frontend/src/components/baseTools/BaseInput.vue","statementMap":{"0":{"start":{"line":18,"column":15},"end":{"line":18,"column":null}},"1":{"start":{"line":44,"column":6},"end":{"line":44,"column":11}}},"fnMap":{"0":{"name":"(anonymous_0)","decl":{"start":{"line":43,"column":4},"end":{"line":43,"column":15}},"loc":{"start":{"line":43,"column":23},"end":{"line":45,"column":null}}}},"branchMap":{},"s":{"0":0,"1":0},"f":{"0":0},"b":{}}
,"/Users/mariusklemppetersen/Documents/NTNU/Semester4/Systemutvikling/boco-frontend/src/components/baseTools/BaseNotification.vue": {"path":"/Users/mariusklemppetersen/Documents/NTNU/Semester4/Systemutvikling/boco-frontend/src/components/baseTools/BaseNotification.vue","statementMap":{"0":{"start":{"line":24,"column":15},"end":{"line":24,"column":null}},"1":{"start":{"line":34,"column":22},"end":{"line":34,"column":null}},"2":{"start":{"line":35,"column":6},"end":{"line":35,"column":14}},"3":{"start":{"line":37,"column":10},"end":{"line":37,"column":17}},"4":{"start":{"line":39,"column":10},"end":{"line":39,"column":17}},"5":{"start":{"line":41,"column":10},"end":{"line":41,"column":17}},"6":{"start":{"line":43,"column":10},"end":{"line":43,"column":17}},"7":{"start":{"line":45,"column":10},"end":{"line":45,"column":null}},"8":{"start":{"line":51,"column":10},"end":{"line":51,"column":17}},"9":{"start":{"line":53,"column":10},"end":{"line":53,"column":17}},"10":{"start":{"line":55,"column":10},"end":{"line":55,"column":null}},"11":{"start":{"line":61,"column":10},"end":{"line":61,"column":17}},"12":{"start":{"line":65,"column":6},"end":{"line":65,"column":13}}},"fnMap":{"0":{"name":"(anonymous_0)","decl":{"start":{"line":33,"column":4},"end":{"line":33,"column":20}},"loc":{"start":{"line":33,"column":23},"end":{"line":63,"column":null}}},"1":{"name":"(anonymous_1)","decl":{"start":{"line":64,"column":4},"end":{"line":64,"column":22}},"loc":{"start":{"line":64,"column":25},"end":{"line":66,"column":null}}}},"branchMap":{"0":{"loc":{"start":{"line":35,"column":6},"end":{"line":35,"column":14}},"type":"switch","locations":[{"start":{"line":36,"column":8},"end":{"line":37,"column":17}},{"start":{"line":38,"column":8},"end":{"line":39,"column":17}},{"start":{"line":40,"column":8},"end":{"line":41,"column":17}},{"start":{"line":42,"column":8},"end":{"line":43,"column":17}},{"start":{"line":44,"column":8},"end":{"line":45,"column":null}},{"start":{"line":50,"column":8},"end":{"line":51,"column":17}},{"start":{"line":52,"column":8},"end":{"line":53,"column":17}},{"start":{"line":54,"column":8},"end":{"line":55,"column":null}},{"start":{"line":60,"column":8},"end":{"line":61,"column":17}}]}},"s":{"0":0,"1":0,"2":0,"3":0,"4":0,"5":0,"6":0,"7":0,"8":0,"9":0,"10":0,"11":0,"12":0},"f":{"0":0,"1":0},"b":{"0":[0,0,0,0,0,0,0,0,0]}}
,"/Users/mariusklemppetersen/Documents/NTNU/Semester4/Systemutvikling/boco-frontend/src/components/baseTools/baseQuestion.vue": {"path":"/Users/mariusklemppetersen/Documents/NTNU/Semester4/Systemutvikling/boco-frontend/src/components/baseTools/baseQuestion.vue","statementMap":{"0":{"start":{"line":33,"column":15},"end":{"line":33,"column":null}},"1":{"start":{"line":36,"column":4},"end":{"line":36,"column":11}},"2":{"start":{"line":43,"column":6},"end":{"line":43,"column":11}},"3":{"start":{"line":44,"column":6},"end":{"line":44,"column":11}}},"fnMap":{"0":{"name":"(anonymous_0)","decl":{"start":{"line":35,"column":2},"end":{"line":35,"column":6}},"loc":{"start":{"line":35,"column":9},"end":{"line":40,"column":null}}},"1":{"name":"(anonymous_1)","decl":{"start":{"line":42,"column":4},"end":{"line":42,"column":16}},"loc":{"start":{"line":42,"column":19},"end":{"line":45,"column":null}}}},"branchMap":{},"s":{"0":0,"1":0,"2":0,"3":0},"f":{"0":0,"1":0},"b":{}}
,"/Users/mariusklemppetersen/Documents/NTNU/Semester4/Systemutvikling/boco-frontend/src/components/itemCards/ItemCardHorizontal.vue": {"path":"/Users/mariusklemppetersen/Documents/NTNU/Semester4/Systemutvikling/boco-frontend/src/components/itemCards/ItemCardHorizontal.vue","statementMap":{"0":{"start":{"line":339,"column":15},"end":{"line":339,"column":null}},"1":{"start":{"line":365,"column":6},"end":{"line":365,"column":11}},"2":{"start":{"line":366,"column":6},"end":{"line":366,"column":11}},"3":{"start":{"line":371,"column":6},"end":{"line":371,"column":14}},"4":{"start":{"line":373,"column":10},"end":{"line":373,"column":17}},"5":{"start":{"line":375,"column":10},"end":{"line":375,"column":17}},"6":{"start":{"line":377,"column":10},"end":{"line":377,"column":17}},"7":{"start":{"line":379,"column":10},"end":{"line":379,"column":17}},"8":{"start":{"line":381,"column":10},"end":{"line":381,"column":17}},"9":{"start":{"line":383,"column":10},"end":{"line":383,"column":17}},"10":{"start":{"line":385,"column":10},"end":{"line":385,"column":17}},"11":{"start":{"line":389,"column":6},"end":{"line":389,"column":13}},"12":{"start":{"line":393,"column":6},"end":{"line":397,"column":null}},"13":{"start":{"line":394,"column":8},"end":{"line":394,"column":15}},"14":{"start":{"line":396,"column":8},"end":{"line":396,"column":15}},"15":{"start":{"line":400,"column":6},"end":{"line":404,"column":null}},"16":{"start":{"line":401,"column":8},"end":{"line":401,"column":15}},"17":{"start":{"line":403,"column":8},"end":{"line":403,"column":15}},"18":{"start":{"line":407,"column":6},"end":{"line":411,"column":null}},"19":{"start":{"line":408,"column":8},"end":{"line":408,"column":15}},"20":{"start":{"line":410,"column":8},"end":{"line":410,"column":15}}},"fnMap":{"0":{"name":"(anonymous_0)","decl":{"start":{"line":364,"column":4},"end":{"line":364,"column":12}},"loc":{"start":{"line":364,"column":19},"end":{"line":367,"column":null}}},"1":{"name":"(anonymous_1)","decl":{"start":{"line":370,"column":4},"end":{"line":370,"column":17}},"loc":{"start":{"line":370,"column":20},"end":{"line":387,"column":null}}},"2":{"name":"(anonymous_2)","decl":{"start":{"line":388,"column":4},"end":{"line":388,"column":10}},"loc":{"start":{"line":388,"column":13},"end":{"line":390,"column":null}}},"3":{"name":"(anonymous_3)","decl":{"start":{"line":392,"column":4},"end":{"line":392,"column":23}},"loc":{"start":{"line":392,"column":26},"end":{"line":398,"column":null}}},"4":{"name":"(anonymous_4)","decl":{"start":{"line":399,"column":4},"end":{"line":399,"column":15}},"loc":{"start":{"line":399,"column":18},"end":{"line":405,"column":null}}},"5":{"name":"(anonymous_5)","decl":{"start":{"line":406,"column":4},"end":{"line":406,"column":20}},"loc":{"start":{"line":406,"column":23},"end":{"line":412,"column":null}}}},"branchMap":{"0":{"loc":{"start":{"line":371,"column":6},"end":{"line":371,"column":14}},"type":"switch","locations":[{"start":{"line":372,"column":8},"end":{"line":373,"column":17}},{"start":{"line":374,"column":8},"end":{"line":375,"column":17}},{"start":{"line":376,"column":8},"end":{"line":377,"column":17}},{"start":{"line":378,"column":8},"end":{"line":379,"column":17}},{"start":{"line":380,"column":8},"end":{"line":381,"column":17}},{"start":{"line":382,"column":8},"end":{"line":383,"column":17}},{"start":{"line":384,"column":8},"end":{"line":385,"column":17}}]},"1":{"loc":{"start":{"line":393,"column":6},"end":{"line":397,"column":null}},"type":"if","locations":[{"start":{"line":393,"column":6},"end":{"line":397,"column":null}},{"start":{"line":395,"column":13},"end":{"line":397,"column":null}}]},"2":{"loc":{"start":{"line":400,"column":6},"end":{"line":404,"column":null}},"type":"if","locations":[{"start":{"line":400,"column":6},"end":{"line":404,"column":null}},{"start":{"line":402,"column":13},"end":{"line":404,"column":null}}]},"3":{"loc":{"start":{"line":400,"column":10},"end":{"line":400,"column":56}},"type":"binary-expr","locations":[{"start":{"line":400,"column":10},"end":{"line":400,"column":35}},{"start":{"line":400,"column":35},"end":{"line":400,"column":56}}]},"4":{"loc":{"start":{"line":407,"column":6},"end":{"line":411,"column":null}},"type":"if","locations":[{"start":{"line":407,"column":6},"end":{"line":411,"column":null}},{"start":{"line":409,"column":13},"end":{"line":411,"column":null}}]}},"s":{"0":0,"1":0,"2":0,"3":0,"4":0,"5":0,"6":0,"7":0,"8":0,"9":0,"10":0,"11":0,"12":0,"13":0,"14":0,"15":0,"16":0,"17":0,"18":0,"19":0,"20":0},"f":{"0":0,"1":0,"2":0,"3":0,"4":0,"5":0},"b":{"0":[0,0,0,0,0,0,0],"1":[0,0],"2":[0,0],"3":[0,0],"4":[0,0]}}
,"/Users/mariusklemppetersen/Documents/NTNU/Semester4/Systemutvikling/boco-frontend/src/components/itemCards/ItemCardSquare.vue": {"path":"/Users/mariusklemppetersen/Documents/NTNU/Semester4/Systemutvikling/boco-frontend/src/components/itemCards/ItemCardSquare.vue","statementMap":{"0":{"start":{"line":29,"column":15},"end":{"line":29,"column":null}},"1":{"start":{"line":39,"column":6},"end":{"line":39,"column":13}}},"fnMap":{"0":{"name":"(anonymous_0)","decl":{"start":{"line":38,"column":4},"end":{"line":38,"column":10}},"loc":{"start":{"line":38,"column":13},"end":{"line":40,"column":null}}}},"branchMap":{},"s":{"0":0,"1":0},"f":{"0":0},"b":{}}
,"/Users/mariusklemppetersen/Documents/NTNU/Semester4/Systemutvikling/boco-frontend/src/components/systemMessages/RatingSystemMessage.vue": {"path":"/Users/mariusklemppetersen/Documents/NTNU/Semester4/Systemutvikling/boco-frontend/src/components/systemMessages/RatingSystemMessage.vue","statementMap":{"0":{"start":{"line":26,"column":15},"end":{"line":26,"column":null}},"1":{"start":{"line":36,"column":6},"end":{"line":36,"column":11}}},"fnMap":{"0":{"name":"(anonymous_0)","decl":{"start":{"line":35,"column":4},"end":{"line":35,"column":14}},"loc":{"start":{"line":35,"column":17},"end":{"line":37,"column":null}}}},"branchMap":{},"s":{"0":0,"1":0},"f":{"0":0},"b":{}}
,"/Users/mariusklemppetersen/Documents/NTNU/Semester4/Systemutvikling/boco-frontend/src/components/systemMessages/StatusSystemMessage.vue": {"path":"/Users/mariusklemppetersen/Documents/NTNU/Semester4/Systemutvikling/boco-frontend/src/components/systemMessages/StatusSystemMessage.vue","statementMap":{"0":{"start":{"line":139,"column":15},"end":{"line":139,"column":null}},"1":{"start":{"line":150,"column":6},"end":{"line":150,"column":14}},"2":{"start":{"line":152,"column":10},"end":{"line":152,"column":17}},"3":{"start":{"line":154,"column":10},"end":{"line":154,"column":17}},"4":{"start":{"line":156,"column":10},"end":{"line":156,"column":17}},"5":{"start":{"line":158,"column":10},"end":{"line":158,"column":17}},"6":{"start":{"line":160,"column":10},"end":{"line":160,"column":17}},"7":{"start":{"line":162,"column":10},"end":{"line":162,"column":17}},"8":{"start":{"line":164,"column":10},"end":{"line":164,"column":17}}},"fnMap":{"0":{"name":"(anonymous_0)","decl":{"start":{"line":149,"column":4},"end":{"line":149,"column":10}},"loc":{"start":{"line":149,"column":13},"end":{"line":166,"column":null}}}},"branchMap":{"0":{"loc":{"start":{"line":150,"column":6},"end":{"line":150,"column":14}},"type":"switch","locations":[{"start":{"line":151,"column":8},"end":{"line":152,"column":17}},{"start":{"line":153,"column":8},"end":{"line":154,"column":17}},{"start":{"line":155,"column":8},"end":{"line":156,"column":17}},{"start":{"line":157,"column":8},"end":{"line":158,"column":17}},{"start":{"line":159,"column":8},"end":{"line":160,"column":17}},{"start":{"line":161,"column":8},"end":{"line":162,"column":17}},{"start":{"line":163,"column":8},"end":{"line":164,"column":17}}]}},"s":{"0":0,"1":0,"2":0,"3":0,"4":0,"5":0,"6":0,"7":0,"8":0},"f":{"0":0},"b":{"0":[0,0,0,0,0,0,0]}}
,"/Users/mariusklemppetersen/Documents/NTNU/Semester4/Systemutvikling/boco-frontend/src/features/SetupFormComponent.js": {"path":"/Users/mariusklemppetersen/Documents/NTNU/Semester4/Systemutvikling/boco-frontend/src/features/SetupFormComponent.js","statementMap":{"0":{"start":{"line":2,"column":22},"end":{"line":9,"column":3}},"1":{"start":{"line":3,"column":14},"end":{"line":3,"column":32}},"2":{"start":{"line":5,"column":4},"end":{"line":5,"column":69}},"3":{"start":{"line":5,"column":42},"end":{"line":5,"column":69}},"4":{"start":{"line":6,"column":4},"end":{"line":6,"column":57}},"5":{"start":{"line":6,"column":39},"end":{"line":6,"column":57}},"6":{"start":{"line":8,"column":4},"end":{"line":8,"column":35}},"7":{"start":{"line":11,"column":2},"end":{"line":11,"column":25}}},"fnMap":{"0":{"name":"SetupFormComponent","decl":{"start":{"line":1,"column":24},"end":{"line":1,"column":42}},"loc":{"start":{"line":1,"column":60},"end":{"line":12,"column":1}},"line":1},"1":{"name":"(anonymous_1)","decl":{"start":{"line":2,"column":22},"end":{"line":2,"column":23}},"loc":{"start":{"line":2,"column":33},"end":{"line":9,"column":3}},"line":2}},"branchMap":{"0":{"loc":{"start":{"line":5,"column":4},"end":{"line":5,"column":69}},"type":"if","locations":[{"start":{"line":5,"column":4},"end":{"line":5,"column":69}},{"start":{},"end":{}}],"line":5},"1":{"loc":{"start":{"line":6,"column":4},"end":{"line":6,"column":57}},"type":"if","locations":[{"start":{"line":6,"column":4},"end":{"line":6,"column":57}},{"start":{},"end":{}}],"line":6}},"s":{"0":0,"1":0,"2":0,"3":0,"4":0,"5":0,"6":0,"7":0},"f":{"0":0,"1":0},"b":{"0":[0,0],"1":[0,0]}}
,"/Users/mariusklemppetersen/Documents/NTNU/Semester4/Systemutvikling/boco-frontend/src/features/UniqueID.js": {"path":"/Users/mariusklemppetersen/Documents/NTNU/Semester4/Systemutvikling/boco-frontend/src/features/UniqueID.js","statementMap":{"0":{"start":{"line":1,"column":11},"end":{"line":1,"column":12}},"1":{"start":{"line":4,"column":16},"end":{"line":7,"column":3}},"2":{"start":{"line":5,"column":4},"end":{"line":5,"column":11}},"3":{"start":{"line":6,"column":4},"end":{"line":6,"column":16}},"4":{"start":{"line":9,"column":2},"end":{"line":11,"column":4}}},"fnMap":{"0":{"name":"UniqueID","decl":{"start":{"line":3,"column":24},"end":{"line":3,"column":32}},"loc":{"start":{"line":3,"column":35},"end":{"line":12,"column":1}},"line":3},"1":{"name":"(anonymous_1)","decl":{"start":{"line":4,"column":16},"end":{"line":4,"column":17}},"loc":{"start":{"line":4,"column":22},"end":{"line":7,"column":3}},"line":4}},"branchMap":{},"s":{"0":0,"1":0,"2":0,"3":0,"4":0},"f":{"0":0,"1":0},"b":{}}
,"/Users/mariusklemppetersen/Documents/NTNU/Semester4/Systemutvikling/boco-frontend/src/plugins/vuetify.js": {"path":"/Users/mariusklemppetersen/Documents/NTNU/Semester4/Systemutvikling/boco-frontend/src/plugins/vuetify.js","statementMap":{},"fnMap":{},"branchMap":{},"s":{},"f":{},"b":{}}
,"/Users/mariusklemppetersen/Documents/NTNU/Semester4/Systemutvikling/boco-frontend/src/plugins/webfontloader.js": {"path":"/Users/mariusklemppetersen/Documents/NTNU/Semester4/Systemutvikling/boco-frontend/src/plugins/webfontloader.js","statementMap":{"0":{"start":{"line":8,"column":24},"end":{"line":10,"column":3}},"1":{"start":{"line":12,"column":2},"end":{"line":16,"column":5}}},"fnMap":{"0":{"name":"loadFonts","decl":{"start":{"line":7,"column":22},"end":{"line":7,"column":31}},"loc":{"start":{"line":7,"column":34},"end":{"line":17,"column":1}},"line":7}},"branchMap":{},"s":{"0":0,"1":0},"f":{"0":0},"b":{}}
,"/Users/mariusklemppetersen/Documents/NTNU/Semester4/Systemutvikling/boco-frontend/src/router/index.js": {"path":"/Users/mariusklemppetersen/Documents/NTNU/Semester4/Systemutvikling/boco-frontend/src/router/index.js","statementMap":{"0":{"start":{"line":26,"column":15},"end":{"line":155,"column":1}},"1":{"start":{"line":143,"column":6},"end":{"line":143,"column":70}},"2":{"start":{"line":157,"column":15},"end":{"line":163,"column":2}},"3":{"start":{"line":161,"column":4},"end":{"line":161,"column":74}}},"fnMap":{"0":{"name":"(anonymous_0)","decl":{"start":{"line":142,"column":15},"end":{"line":142,"column":16}},"loc":{"start":{"line":143,"column":6},"end":{"line":143,"column":70}},"line":143},"1":{"name":"(anonymous_1)","decl":{"start":{"line":160,"column":2},"end":{"line":160,"column":3}},"loc":{"start":{"line":160,"column":19},"end":{"line":162,"column":3}},"line":160}},"branchMap":{},"s":{"0":0,"1":0,"2":0,"3":0},"f":{"0":0,"1":0},"b":{}}
,"/Users/mariusklemppetersen/Documents/NTNU/Semester4/Systemutvikling/boco-frontend/src/service/apiService.js": {"path":"/Users/mariusklemppetersen/Documents/NTNU/Semester4/Systemutvikling/boco-frontend/src/service/apiService.js","statementMap":{"0":{"start":{"line":5,"column":18},"end":{"line":5,"column":30}},"1":{"start":{"line":6,"column":11},"end":{"line":6,"column":22}},"2":{"start":{"line":44,"column":17},"end":{"line":44,"column":72}},"3":{"start":{"line":45,"column":2},"end":{"line":45,"column":35}},"4":{"start":{"line":47,"column":2},"end":{"line":49,"column":5}},"5":{"start":{"line":48,"column":4},"end":{"line":48,"column":66}},"6":{"start":{"line":53,"column":2},"end":{"line":64,"column":7}},"7":{"start":{"line":60,"column":6},"end":{"line":60,"column":27}},"8":{"start":{"line":63,"column":6},"end":{"line":63,"column":23}},"9":{"start":{"line":68,"column":2},"end":{"line":68,"column":73}},"10":{"start":{"line":72,"column":23},"end":{"line":75,"column":3}},"11":{"start":{"line":77,"column":2},"end":{"line":84,"column":7}},"12":{"start":{"line":80,"column":6},"end":{"line":80,"column":22}},"13":{"start":{"line":83,"column":6},"end":{"line":83,"column":23}},"14":{"start":{"line":87,"column":2},"end":{"line":94,"column":7}},"15":{"start":{"line":90,"column":6},"end":{"line":90,"column":22}},"16":{"start":{"line":93,"column":6},"end":{"line":93,"column":23}},"17":{"start":{"line":97,"column":2},"end":{"line":113,"column":7}},"18":{"start":{"line":108,"column":6},"end":{"line":108,"column":28}},"19":{"start":{"line":109,"column":6},"end":{"line":109,"column":22}},"20":{"start":{"line":112,"column":6},"end":{"line":112,"column":23}},"21":{"start":{"line":116,"column":2},"end":{"line":128,"column":7}},"22":{"start":{"line":123,"column":6},"end":{"line":123,"column":28}},"23":{"start":{"line":124,"column":6},"end":{"line":124,"column":27}},"24":{"start":{"line":127,"column":6},"end":{"line":127,"column":23}},"25":{"start":{"line":131,"column":2},"end":{"line":146,"column":7}},"26":{"start":{"line":142,"column":6},"end":{"line":142,"column":22}},"27":{"start":{"line":145,"column":6},"end":{"line":145,"column":23}},"28":{"start":{"line":151,"column":19},"end":{"line":151,"column":33}},"29":{"start":{"line":153,"column":4},"end":{"line":153,"column":35}},"30":{"start":{"line":155,"column":4},"end":{"line":160,"column":7}},"31":{"start":{"line":166,"column":2},"end":{"line":170,"column":7}},"32":{"start":{"line":169,"column":6},"end":{"line":169,"column":27}},"33":{"start":{"line":174,"column":2},"end":{"line":189,"column":7}},"34":{"start":{"line":185,"column":6},"end":{"line":185,"column":22}},"35":{"start":{"line":188,"column":6},"end":{"line":188,"column":23}},"36":{"start":{"line":193,"column":2},"end":{"line":202,"column":7}},"37":{"start":{"line":200,"column":6},"end":{"line":200,"column":33}},"38":{"start":{"line":201,"column":6},"end":{"line":201,"column":27}},"39":{"start":{"line":206,"column":2},"end":{"line":214,"column":7}},"40":{"start":{"line":213,"column":6},"end":{"line":213,"column":27}},"41":{"start":{"line":218,"column":2},"end":{"line":226,"column":7}},"42":{"start":{"line":225,"column":6},"end":{"line":225,"column":27}},"43":{"start":{"line":230,"column":2},"end":{"line":238,"column":7}},"44":{"start":{"line":237,"column":6},"end":{"line":237,"column":27}},"45":{"start":{"line":241,"column":2},"end":{"line":249,"column":7}},"46":{"start":{"line":248,"column":6},"end":{"line":248,"column":27}},"47":{"start":{"line":253,"column":2},"end":{"line":264,"column":7}},"48":{"start":{"line":263,"column":6},"end":{"line":263,"column":27}},"49":{"start":{"line":267,"column":2},"end":{"line":283,"column":7}},"50":{"start":{"line":282,"column":6},"end":{"line":282,"column":27}},"51":{"start":{"line":286,"column":2},"end":{"line":294,"column":7}},"52":{"start":{"line":293,"column":6},"end":{"line":293,"column":27}},"53":{"start":{"line":298,"column":2},"end":{"line":306,"column":7}},"54":{"start":{"line":305,"column":6},"end":{"line":305,"column":27}},"55":{"start":{"line":310,"column":2},"end":{"line":318,"column":7}},"56":{"start":{"line":317,"column":6},"end":{"line":317,"column":27}},"57":{"start":{"line":322,"column":2},"end":{"line":330,"column":7}},"58":{"start":{"line":329,"column":6},"end":{"line":329,"column":27}},"59":{"start":{"line":334,"column":2},"end":{"line":342,"column":7}},"60":{"start":{"line":341,"column":6},"end":{"line":341,"column":27}},"61":{"start":{"line":345,"column":2},"end":{"line":353,"column":7}},"62":{"start":{"line":352,"column":6},"end":{"line":352,"column":22}},"63":{"start":{"line":356,"column":2},"end":{"line":368,"column":7}},"64":{"start":{"line":367,"column":6},"end":{"line":367,"column":27}},"65":{"start":{"line":371,"column":2},"end":{"line":380,"column":7}},"66":{"start":{"line":378,"column":6},"end":{"line":378,"column":33}},"67":{"start":{"line":379,"column":6},"end":{"line":379,"column":27}},"68":{"start":{"line":383,"column":2},"end":{"line":392,"column":7}},"69":{"start":{"line":390,"column":6},"end":{"line":390,"column":33}},"70":{"start":{"line":391,"column":6},"end":{"line":391,"column":27}},"71":{"start":{"line":396,"column":2},"end":{"line":405,"column":7}},"72":{"start":{"line":403,"column":6},"end":{"line":403,"column":33}},"73":{"start":{"line":404,"column":6},"end":{"line":404,"column":27}},"74":{"start":{"line":409,"column":2},"end":{"line":414,"column":7}},"75":{"start":{"line":412,"column":6},"end":{"line":412,"column":33}},"76":{"start":{"line":413,"column":6},"end":{"line":413,"column":27}},"77":{"start":{"line":418,"column":2},"end":{"line":426,"column":7}},"78":{"start":{"line":425,"column":6},"end":{"line":425,"column":27}},"79":{"start":{"line":430,"column":2},"end":{"line":438,"column":7}},"80":{"start":{"line":437,"column":6},"end":{"line":437,"column":27}},"81":{"start":{"line":441,"column":2},"end":{"line":445,"column":7}},"82":{"start":{"line":444,"column":6},"end":{"line":444,"column":27}},"83":{"start":{"line":449,"column":2},"end":{"line":460,"column":7}},"84":{"start":{"line":459,"column":6},"end":{"line":459,"column":22}},"85":{"start":{"line":463,"column":2},"end":{"line":471,"column":7}},"86":{"start":{"line":470,"column":6},"end":{"line":470,"column":22}}},"fnMap":{"0":{"name":"connect","decl":{"start":{"line":43,"column":16},"end":{"line":43,"column":23}},"loc":{"start":{"line":43,"column":44},"end":{"line":50,"column":1}},"line":43},"1":{"name":"(anonymous_1)","decl":{"start":{"line":47,"column":26},"end":{"line":47,"column":27}},"loc":{"start":{"line":47,"column":32},"end":{"line":49,"column":3}},"line":47},"2":{"name":"getChat","decl":{"start":{"line":52,"column":16},"end":{"line":52,"column":23}},"loc":{"start":{"line":52,"column":41},"end":{"line":65,"column":1}},"line":52},"3":{"name":"(anonymous_3)","decl":{"start":{"line":59,"column":10},"end":{"line":59,"column":11}},"loc":{"start":{"line":59,"column":24},"end":{"line":61,"column":5}},"line":59},"4":{"name":"(anonymous_4)","decl":{"start":{"line":62,"column":11},"end":{"line":62,"column":12}},"loc":{"start":{"line":62,"column":20},"end":{"line":64,"column":5}},"line":62},"5":{"name":"send","decl":{"start":{"line":67,"column":16},"end":{"line":67,"column":20}},"loc":{"start":{"line":67,"column":37},"end":{"line":69,"column":1}},"line":67},"6":{"name":"doLogin","decl":{"start":{"line":71,"column":22},"end":{"line":71,"column":29}},"loc":{"start":{"line":71,"column":47},"end":{"line":85,"column":1}},"line":71},"7":{"name":"(anonymous_7)","decl":{"start":{"line":79,"column":10},"end":{"line":79,"column":11}},"loc":{"start":{"line":79,"column":24},"end":{"line":81,"column":5}},"line":79},"8":{"name":"(anonymous_8)","decl":{"start":{"line":82,"column":11},"end":{"line":82,"column":12}},"loc":{"start":{"line":82,"column":20},"end":{"line":84,"column":5}},"line":82},"9":{"name":"doRegistration","decl":{"start":{"line":86,"column":22},"end":{"line":86,"column":36}},"loc":{"start":{"line":86,"column":58},"end":{"line":95,"column":1}},"line":86},"10":{"name":"(anonymous_10)","decl":{"start":{"line":89,"column":10},"end":{"line":89,"column":11}},"loc":{"start":{"line":89,"column":24},"end":{"line":91,"column":5}},"line":89},"11":{"name":"(anonymous_11)","decl":{"start":{"line":92,"column":11},"end":{"line":92,"column":12}},"loc":{"start":{"line":92,"column":20},"end":{"line":94,"column":5}},"line":92},"12":{"name":"doEditUser","decl":{"start":{"line":96,"column":22},"end":{"line":96,"column":32}},"loc":{"start":{"line":96,"column":65},"end":{"line":114,"column":1}},"line":96},"13":{"name":"(anonymous_13)","decl":{"start":{"line":107,"column":10},"end":{"line":107,"column":11}},"loc":{"start":{"line":107,"column":24},"end":{"line":110,"column":5}},"line":107},"14":{"name":"(anonymous_14)","decl":{"start":{"line":111,"column":11},"end":{"line":111,"column":12}},"loc":{"start":{"line":111,"column":20},"end":{"line":113,"column":5}},"line":111},"15":{"name":"doRegisterItem","decl":{"start":{"line":115,"column":22},"end":{"line":115,"column":36}},"loc":{"start":{"line":115,"column":57},"end":{"line":129,"column":1}},"line":115},"16":{"name":"(anonymous_16)","decl":{"start":{"line":122,"column":10},"end":{"line":122,"column":11}},"loc":{"start":{"line":122,"column":24},"end":{"line":125,"column":5}},"line":122},"17":{"name":"(anonymous_17)","decl":{"start":{"line":126,"column":11},"end":{"line":126,"column":12}},"loc":{"start":{"line":126,"column":20},"end":{"line":128,"column":5}},"line":126},"18":{"name":"doRentalRequest","decl":{"start":{"line":130,"column":22},"end":{"line":130,"column":37}},"loc":{"start":{"line":130,"column":68},"end":{"line":147,"column":1}},"line":130},"19":{"name":"(anonymous_19)","decl":{"start":{"line":141,"column":10},"end":{"line":141,"column":11}},"loc":{"start":{"line":141,"column":24},"end":{"line":143,"column":5}},"line":141},"20":{"name":"(anonymous_20)","decl":{"start":{"line":144,"column":11},"end":{"line":144,"column":12}},"loc":{"start":{"line":144,"column":20},"end":{"line":146,"column":5}},"line":144},"21":{"name":"(anonymous_21)","decl":{"start":{"line":150,"column":2},"end":{"line":150,"column":3}},"loc":{"start":{"line":150,"column":22},"end":{"line":161,"column":3}},"line":150},"22":{"name":"getItems","decl":{"start":{"line":165,"column":16},"end":{"line":165,"column":24}},"loc":{"start":{"line":165,"column":41},"end":{"line":171,"column":1}},"line":165},"23":{"name":"(anonymous_23)","decl":{"start":{"line":168,"column":10},"end":{"line":168,"column":11}},"loc":{"start":{"line":168,"column":24},"end":{"line":170,"column":5}},"line":168},"24":{"name":"doRegisterFeedbackWebPage","decl":{"start":{"line":173,"column":22},"end":{"line":173,"column":47}},"loc":{"start":{"line":173,"column":72},"end":{"line":190,"column":1}},"line":173},"25":{"name":"(anonymous_25)","decl":{"start":{"line":184,"column":10},"end":{"line":184,"column":11}},"loc":{"start":{"line":184,"column":24},"end":{"line":186,"column":5}},"line":184},"26":{"name":"(anonymous_26)","decl":{"start":{"line":187,"column":11},"end":{"line":187,"column":12}},"loc":{"start":{"line":187,"column":20},"end":{"line":189,"column":5}},"line":187},"27":{"name":"getFeedbacks","decl":{"start":{"line":192,"column":16},"end":{"line":192,"column":28}},"loc":{"start":{"line":192,"column":36},"end":{"line":203,"column":1}},"line":192},"28":{"name":"(anonymous_28)","decl":{"start":{"line":199,"column":10},"end":{"line":199,"column":11}},"loc":{"start":{"line":199,"column":24},"end":{"line":202,"column":5}},"line":199},"29":{"name":"updateItem","decl":{"start":{"line":205,"column":16},"end":{"line":205,"column":26}},"loc":{"start":{"line":205,"column":48},"end":{"line":215,"column":1}},"line":205},"30":{"name":"(anonymous_30)","decl":{"start":{"line":212,"column":10},"end":{"line":212,"column":11}},"loc":{"start":{"line":212,"column":24},"end":{"line":214,"column":5}},"line":212},"31":{"name":"deleteItem","decl":{"start":{"line":217,"column":16},"end":{"line":217,"column":26}},"loc":{"start":{"line":217,"column":42},"end":{"line":227,"column":1}},"line":217},"32":{"name":"(anonymous_32)","decl":{"start":{"line":224,"column":10},"end":{"line":224,"column":11}},"loc":{"start":{"line":224,"column":24},"end":{"line":226,"column":5}},"line":224},"33":{"name":"getMyItems","decl":{"start":{"line":229,"column":16},"end":{"line":229,"column":26}},"loc":{"start":{"line":229,"column":42},"end":{"line":239,"column":1}},"line":229},"34":{"name":"(anonymous_34)","decl":{"start":{"line":236,"column":10},"end":{"line":236,"column":11}},"loc":{"start":{"line":236,"column":24},"end":{"line":238,"column":5}},"line":236},"35":{"name":"getAllMyRentals","decl":{"start":{"line":240,"column":16},"end":{"line":240,"column":31}},"loc":{"start":{"line":240,"column":47},"end":{"line":250,"column":1}},"line":240},"36":{"name":"(anonymous_36)","decl":{"start":{"line":247,"column":10},"end":{"line":247,"column":11}},"loc":{"start":{"line":247,"column":24},"end":{"line":249,"column":5}},"line":247},"37":{"name":"getMyRentals","decl":{"start":{"line":252,"column":16},"end":{"line":252,"column":28}},"loc":{"start":{"line":252,"column":52},"end":{"line":265,"column":1}},"line":252},"38":{"name":"(anonymous_38)","decl":{"start":{"line":262,"column":10},"end":{"line":262,"column":11}},"loc":{"start":{"line":262,"column":24},"end":{"line":264,"column":5}},"line":262},"39":{"name":"getMyRentalsOwner","decl":{"start":{"line":266,"column":16},"end":{"line":266,"column":33}},"loc":{"start":{"line":266,"column":57},"end":{"line":284,"column":1}},"line":266},"40":{"name":"(anonymous_40)","decl":{"start":{"line":281,"column":10},"end":{"line":281,"column":11}},"loc":{"start":{"line":281,"column":24},"end":{"line":283,"column":5}},"line":281},"41":{"name":"getMyNotifications","decl":{"start":{"line":285,"column":16},"end":{"line":285,"column":34}},"loc":{"start":{"line":285,"column":50},"end":{"line":295,"column":1}},"line":285},"42":{"name":"(anonymous_42)","decl":{"start":{"line":292,"column":10},"end":{"line":292,"column":11}},"loc":{"start":{"line":292,"column":24},"end":{"line":294,"column":5}},"line":292},"43":{"name":"getRentalsForItem","decl":{"start":{"line":297,"column":16},"end":{"line":297,"column":33}},"loc":{"start":{"line":297,"column":49},"end":{"line":307,"column":1}},"line":297},"44":{"name":"(anonymous_44)","decl":{"start":{"line":304,"column":10},"end":{"line":304,"column":11}},"loc":{"start":{"line":304,"column":24},"end":{"line":306,"column":5}},"line":304},"45":{"name":"acceptRental","decl":{"start":{"line":309,"column":16},"end":{"line":309,"column":28}},"loc":{"start":{"line":309,"column":46},"end":{"line":319,"column":1}},"line":309},"46":{"name":"(anonymous_46)","decl":{"start":{"line":316,"column":10},"end":{"line":316,"column":11}},"loc":{"start":{"line":316,"column":24},"end":{"line":318,"column":5}},"line":316},"47":{"name":"rejectRental","decl":{"start":{"line":321,"column":16},"end":{"line":321,"column":28}},"loc":{"start":{"line":321,"column":46},"end":{"line":331,"column":1}},"line":321},"48":{"name":"(anonymous_48)","decl":{"start":{"line":328,"column":10},"end":{"line":328,"column":11}},"loc":{"start":{"line":328,"column":24},"end":{"line":330,"column":5}},"line":328},"49":{"name":"cancelRental","decl":{"start":{"line":333,"column":16},"end":{"line":333,"column":28}},"loc":{"start":{"line":333,"column":46},"end":{"line":343,"column":1}},"line":333},"50":{"name":"(anonymous_50)","decl":{"start":{"line":340,"column":10},"end":{"line":340,"column":11}},"loc":{"start":{"line":340,"column":24},"end":{"line":342,"column":5}},"line":340},"51":{"name":"getOccupiedDates","decl":{"start":{"line":344,"column":22},"end":{"line":344,"column":38}},"loc":{"start":{"line":344,"column":54},"end":{"line":354,"column":1}},"line":344},"52":{"name":"(anonymous_52)","decl":{"start":{"line":351,"column":10},"end":{"line":351,"column":11}},"loc":{"start":{"line":351,"column":24},"end":{"line":353,"column":5}},"line":351},"53":{"name":"changeNotification","decl":{"start":{"line":355,"column":16},"end":{"line":355,"column":34}},"loc":{"start":{"line":355,"column":58},"end":{"line":369,"column":1}},"line":355},"54":{"name":"(anonymous_54)","decl":{"start":{"line":366,"column":10},"end":{"line":366,"column":11}},"loc":{"start":{"line":366,"column":24},"end":{"line":368,"column":5}},"line":366},"55":{"name":"getUsers","decl":{"start":{"line":370,"column":16},"end":{"line":370,"column":24}},"loc":{"start":{"line":370,"column":32},"end":{"line":381,"column":1}},"line":370},"56":{"name":"(anonymous_56)","decl":{"start":{"line":377,"column":10},"end":{"line":377,"column":11}},"loc":{"start":{"line":377,"column":24},"end":{"line":380,"column":5}},"line":377},"57":{"name":"doRating","decl":{"start":{"line":382,"column":16},"end":{"line":382,"column":24}},"loc":{"start":{"line":382,"column":47},"end":{"line":393,"column":1}},"line":382},"58":{"name":"(anonymous_58)","decl":{"start":{"line":389,"column":10},"end":{"line":389,"column":11}},"loc":{"start":{"line":389,"column":24},"end":{"line":392,"column":5}},"line":389},"59":{"name":"updateRoleUsers","decl":{"start":{"line":395,"column":16},"end":{"line":395,"column":31}},"loc":{"start":{"line":395,"column":47},"end":{"line":406,"column":1}},"line":395},"60":{"name":"(anonymous_60)","decl":{"start":{"line":402,"column":10},"end":{"line":402,"column":11}},"loc":{"start":{"line":402,"column":24},"end":{"line":405,"column":5}},"line":402},"61":{"name":"search","decl":{"start":{"line":408,"column":16},"end":{"line":408,"column":22}},"loc":{"start":{"line":408,"column":38},"end":{"line":415,"column":1}},"line":408},"62":{"name":"(anonymous_62)","decl":{"start":{"line":411,"column":10},"end":{"line":411,"column":11}},"loc":{"start":{"line":411,"column":24},"end":{"line":414,"column":5}},"line":411},"63":{"name":"getAllRatingsUser","decl":{"start":{"line":417,"column":16},"end":{"line":417,"column":33}},"loc":{"start":{"line":417,"column":49},"end":{"line":427,"column":1}},"line":417},"64":{"name":"(anonymous_64)","decl":{"start":{"line":424,"column":10},"end":{"line":424,"column":11}},"loc":{"start":{"line":424,"column":24},"end":{"line":426,"column":5}},"line":424},"65":{"name":"getAllRatingsOwner","decl":{"start":{"line":429,"column":16},"end":{"line":429,"column":34}},"loc":{"start":{"line":429,"column":50},"end":{"line":439,"column":1}},"line":429},"66":{"name":"(anonymous_66)","decl":{"start":{"line":436,"column":10},"end":{"line":436,"column":11}},"loc":{"start":{"line":436,"column":24},"end":{"line":438,"column":5}},"line":436},"67":{"name":"getMeanRating","decl":{"start":{"line":440,"column":16},"end":{"line":440,"column":29}},"loc":{"start":{"line":440,"column":38},"end":{"line":446,"column":1}},"line":440},"68":{"name":"(anonymous_68)","decl":{"start":{"line":443,"column":10},"end":{"line":443,"column":11}},"loc":{"start":{"line":443,"column":24},"end":{"line":445,"column":5}},"line":443},"69":{"name":"getSent","decl":{"start":{"line":448,"column":16},"end":{"line":448,"column":23}},"loc":{"start":{"line":448,"column":49},"end":{"line":461,"column":1}},"line":448},"70":{"name":"(anonymous_70)","decl":{"start":{"line":458,"column":10},"end":{"line":458,"column":11}},"loc":{"start":{"line":458,"column":24},"end":{"line":460,"column":5}},"line":458},"71":{"name":"deleteUser","decl":{"start":{"line":462,"column":16},"end":{"line":462,"column":26}},"loc":{"start":{"line":462,"column":42},"end":{"line":472,"column":1}},"line":462},"72":{"name":"(anonymous_72)","decl":{"start":{"line":469,"column":10},"end":{"line":469,"column":11}},"loc":{"start":{"line":469,"column":24},"end":{"line":471,"column":5}},"line":469}},"branchMap":{},"s":{"0":1,"1":1,"2":0,"3":0,"4":0,"5":0,"6":0,"7":0,"8":0,"9":0,"10":0,"11":0,"12":0,"13":0,"14":0,"15":0,"16":0,"17":0,"18":0,"19":0,"20":0,"21":0,"22":0,"23":0,"24":0,"25":0,"26":0,"27":0,"28":0,"29":0,"30":0,"31":0,"32":0,"33":0,"34":0,"35":0,"36":0,"37":0,"38":0,"39":0,"40":0,"41":0,"42":0,"43":0,"44":0,"45":0,"46":0,"47":0,"48":0,"49":0,"50":0,"51":0,"52":0,"53":0,"54":0,"55":0,"56":0,"57":0,"58":0,"59":0,"60":0,"61":0,"62":0,"63":0,"64":0,"65":0,"66":0,"67":0,"68":0,"69":0,"70":0,"71":0,"72":0,"73":0,"74":0,"75":0,"76":0,"77":0,"78":0,"79":0,"80":0,"81":0,"82":0,"83":0,"84":0,"85":0,"86":0},"f":{"0":0,"1":0,"2":0,"3":0,"4":0,"5":0,"6":0,"7":0,"8":0,"9":0,"10":0,"11":0,"12":0,"13":0,"14":0,"15":0,"16":0,"17":0,"18":0,"19":0,"20":0,"21":0,"22":0,"23":0,"24":0,"25":0,"26":0,"27":0,"28":0,"29":0,"30":0,"31":0,"32":0,"33":0,"34":0,"35":0,"36":0,"37":0,"38":0,"39":0,"40":0,"41":0,"42":0,"43":0,"44":0,"45":0,"46":0,"47":0,"48":0,"49":0,"50":0,"51":0,"52":0,"53":0,"54":0,"55":0,"56":0,"57":0,"58":0,"59":0,"60":0,"61":0,"62":0,"63":0,"64":0,"65":0,"66":0,"67":0,"68":0,"69":0,"70":0,"71":0,"72":0},"b":{},"_coverageSchema":"1a1c01bbd47fc00a2c39e90264f33305004495a9","hash":"baa03bc4683620240919c3722fb07ca7231cbede"}
,"/Users/mariusklemppetersen/Documents/NTNU/Semester4/Systemutvikling/boco-frontend/src/store/index.js": {"path":"/Users/mariusklemppetersen/Documents/NTNU/Semester4/Systemutvikling/boco-frontend/src/store/index.js","statementMap":{"0":{"start":{"line":23,"column":24},"end":{"line":47,"column":1}},"1":{"start":{"line":24,"column":2},"end":{"line":46,"column":4}},"2":{"start":{"line":48,"column":14},"end":{"line":48,"column":31}},"3":{"start":{"line":54,"column":6},"end":{"line":56,"column":7}},"4":{"start":{"line":55,"column":8},"end":{"line":55,"column":44}},"5":{"start":{"line":57,"column":6},"end":{"line":57,"column":45}},"6":{"start":{"line":60,"column":6},"end":{"line":62,"column":7}},"7":{"start":{"line":61,"column":8},"end":{"line":61,"column":41}},"8":{"start":{"line":63,"column":6},"end":{"line":63,"column":42}},"9":{"start":{"line":66,"column":6},"end":{"line":68,"column":7}},"10":{"start":{"line":67,"column":8},"end":{"line":67,"column":41}},"11":{"start":{"line":69,"column":6},"end":{"line":69,"column":42}},"12":{"start":{"line":72,"column":6},"end":{"line":72,"column":43}},"13":{"start":{"line":75,"column":6},"end":{"line":75,"column":35}},"14":{"start":{"line":78,"column":6},"end":{"line":78,"column":35}},"15":{"start":{"line":81,"column":6},"end":{"line":81,"column":33}},"16":{"start":{"line":86,"column":6},"end":{"line":86,"column":46}},"17":{"start":{"line":89,"column":6},"end":{"line":89,"column":32}},"18":{"start":{"line":92,"column":6},"end":{"line":92,"column":26}},"19":{"start":{"line":95,"column":6},"end":{"line":95,"column":44}},"20":{"start":{"line":98,"column":6},"end":{"line":98,"column":29}},"21":{"start":{"line":101,"column":6},"end":{"line":101,"column":31}},"22":{"start":{"line":104,"column":6},"end":{"line":104,"column":35}},"23":{"start":{"line":105,"column":6},"end":{"line":105,"column":63}},"24":{"start":{"line":108,"column":6},"end":{"line":108,"column":34}},"25":{"start":{"line":111,"column":6},"end":{"line":111,"column":28}},"26":{"start":{"line":114,"column":6},"end":{"line":114,"column":32}},"27":{"start":{"line":117,"column":6},"end":{"line":119,"column":7}},"28":{"start":{"line":118,"column":8},"end":{"line":118,"column":40}},"29":{"start":{"line":122,"column":6},"end":{"line":124,"column":7}},"30":{"start":{"line":123,"column":8},"end":{"line":123,"column":42}},"31":{"start":{"line":127,"column":6},"end":{"line":129,"column":7}},"32":{"start":{"line":128,"column":8},"end":{"line":128,"column":50}},"33":{"start":{"line":132,"column":6},"end":{"line":134,"column":7}},"34":{"start":{"line":133,"column":8},"end":{"line":133,"column":52}},"35":{"start":{"line":137,"column":6},"end":{"line":137,"column":44}},"36":{"start":{"line":140,"column":6},"end":{"line":140,"column":26}},"37":{"start":{"line":143,"column":6},"end":{"line":143,"column":34}},"38":{"start":{"line":146,"column":6},"end":{"line":146,"column":51}},"39":{"start":{"line":149,"column":6},"end":{"line":149,"column":42}},"40":{"start":{"line":152,"column":6},"end":{"line":152,"column":41}},"41":{"start":{"line":155,"column":26},"end":{"line":155,"column":55}},"42":{"start":{"line":156,"column":25},"end":{"line":156,"column":53}},"43":{"start":{"line":157,"column":6},"end":{"line":162,"column":7}},"44":{"start":{"line":158,"column":8},"end":{"line":158,"column":51}},"45":{"start":{"line":159,"column":25},"end":{"line":159,"column":47}},"46":{"start":{"line":160,"column":8},"end":{"line":160,"column":39}},"47":{"start":{"line":161,"column":8},"end":{"line":161,"column":30}},"48":{"start":{"line":165,"column":25},"end":{"line":165,"column":55}},"49":{"start":{"line":166,"column":6},"end":{"line":168,"column":7}},"50":{"start":{"line":167,"column":8},"end":{"line":167,"column":51}},"51":{"start":{"line":171,"column":27},"end":{"line":171,"column":59}},"52":{"start":{"line":172,"column":6},"end":{"line":174,"column":7}},"53":{"start":{"line":173,"column":8},"end":{"line":173,"column":60}},"54":{"start":{"line":177,"column":6},"end":{"line":177,"column":36}},"55":{"start":{"line":180,"column":6},"end":{"line":180,"column":39}},"56":{"start":{"line":181,"column":6},"end":{"line":181,"column":38}},"57":{"start":{"line":182,"column":6},"end":{"line":182,"column":24}},"58":{"start":{"line":187,"column":6},"end":{"line":187,"column":28}},"59":{"start":{"line":190,"column":6},"end":{"line":190,"column":35}},"60":{"start":{"line":191,"column":6},"end":{"line":191,"column":61}},"61":{"start":{"line":194,"column":6},"end":{"line":194,"column":33}},"62":{"start":{"line":195,"column":6},"end":{"line":195,"column":59}},"63":{"start":{"line":198,"column":6},"end":{"line":198,"column":45}},"64":{"start":{"line":201,"column":6},"end":{"line":207,"column":11}},"65":{"start":{"line":203,"column":10},"end":{"line":203,"column":40}},"66":{"start":{"line":206,"column":10},"end":{"line":206,"column":29}},"67":{"start":{"line":210,"column":6},"end":{"line":210,"column":31}},"68":{"start":{"line":211,"column":6},"end":{"line":211,"column":59}},"69":{"start":{"line":214,"column":6},"end":{"line":214,"column":35}},"70":{"start":{"line":217,"column":6},"end":{"line":223,"column":11}},"71":{"start":{"line":219,"column":10},"end":{"line":219,"column":44}},"72":{"start":{"line":222,"column":10},"end":{"line":222,"column":29}},"73":{"start":{"line":226,"column":18},"end":{"line":229,"column":7}},"74":{"start":{"line":230,"column":6},"end":{"line":230,"column":36}},"75":{"start":{"line":233,"column":32},"end":{"line":237,"column":7}},"76":{"start":{"line":238,"column":32},"end":{"line":242,"column":7}},"77":{"start":{"line":243,"column":33},"end":{"line":247,"column":7}},"78":{"start":{"line":248,"column":33},"end":{"line":252,"column":7}},"79":{"start":{"line":253,"column":6},"end":{"line":253,"column":59}},"80":{"start":{"line":254,"column":6},"end":{"line":254,"column":66}},"81":{"start":{"line":255,"column":6},"end":{"line":255,"column":61}},"82":{"start":{"line":256,"column":6},"end":{"line":256,"column":68}},"83":{"start":{"line":259,"column":26},"end":{"line":262,"column":7}},"84":{"start":{"line":263,"column":6},"end":{"line":265,"column":7}},"85":{"start":{"line":264,"column":8},"end":{"line":264,"column":32}},"86":{"start":{"line":266,"column":6},"end":{"line":266,"column":52}},"87":{"start":{"line":269,"column":18},"end":{"line":272,"column":7}},"88":{"start":{"line":273,"column":6},"end":{"line":275,"column":7}},"89":{"start":{"line":274,"column":8},"end":{"line":274,"column":40}},"90":{"start":{"line":278,"column":21},"end":{"line":282,"column":7}},"91":{"start":{"line":283,"column":6},"end":{"line":283,"column":35}},"92":{"start":{"line":286,"column":6},"end":{"line":286,"column":65}},"93":{"start":{"line":289,"column":6},"end":{"line":289,"column":67}},"94":{"start":{"line":290,"column":6},"end":{"line":290,"column":31}},"95":{"start":{"line":293,"column":21},"end":{"line":293,"column":65}},"96":{"start":{"line":294,"column":6},"end":{"line":294,"column":35}},"97":{"start":{"line":297,"column":21},"end":{"line":297,"column":68}},"98":{"start":{"line":298,"column":6},"end":{"line":298,"column":37}},"99":{"start":{"line":301,"column":6},"end":{"line":307,"column":11}},"100":{"start":{"line":303,"column":10},"end":{"line":303,"column":40}},"101":{"start":{"line":306,"column":10},"end":{"line":306,"column":29}},"102":{"start":{"line":310,"column":6},"end":{"line":316,"column":11}},"103":{"start":{"line":312,"column":10},"end":{"line":312,"column":40}},"104":{"start":{"line":315,"column":10},"end":{"line":315,"column":29}},"105":{"start":{"line":319,"column":6},"end":{"line":319,"column":35}},"106":{"start":{"line":322,"column":6},"end":{"line":322,"column":60}},"107":{"start":{"line":325,"column":6},"end":{"line":325,"column":65}},"108":{"start":{"line":326,"column":6},"end":{"line":326,"column":64}},"109":{"start":{"line":329,"column":20},"end":{"line":329,"column":70}},"110":{"start":{"line":331,"column":6},"end":{"line":331,"column":51}},"111":{"start":{"line":334,"column":20},"end":{"line":334,"column":69}},"112":{"start":{"line":336,"column":6},"end":{"line":336,"column":50}},"113":{"start":{"line":339,"column":23},"end":{"line":339,"column":70}},"114":{"start":{"line":340,"column":6},"end":{"line":340,"column":44}},"115":{"start":{"line":343,"column":6},"end":{"line":343,"column":69}},"116":{"start":{"line":344,"column":6},"end":{"line":344,"column":35}}},"fnMap":{"0":{"name":"(anonymous_0)","decl":{"start":{"line":23,"column":24},"end":{"line":23,"column":25}},"loc":{"start":{"line":23,"column":30},"end":{"line":47,"column":1}},"line":23},"1":{"name":"(anonymous_1)","decl":{"start":{"line":53,"column":4},"end":{"line":53,"column":5}},"loc":{"start":{"line":53,"column":18},"end":{"line":58,"column":5}},"line":53},"2":{"name":"(anonymous_2)","decl":{"start":{"line":59,"column":4},"end":{"line":59,"column":5}},"loc":{"start":{"line":59,"column":21},"end":{"line":64,"column":5}},"line":59},"3":{"name":"(anonymous_3)","decl":{"start":{"line":65,"column":4},"end":{"line":65,"column":5}},"loc":{"start":{"line":65,"column":15},"end":{"line":70,"column":5}},"line":65},"4":{"name":"(anonymous_4)","decl":{"start":{"line":71,"column":4},"end":{"line":71,"column":5}},"loc":{"start":{"line":71,"column":16},"end":{"line":73,"column":5}},"line":71},"5":{"name":"(anonymous_5)","decl":{"start":{"line":74,"column":4},"end":{"line":74,"column":5}},"loc":{"start":{"line":74,"column":15},"end":{"line":76,"column":5}},"line":74},"6":{"name":"(anonymous_6)","decl":{"start":{"line":77,"column":4},"end":{"line":77,"column":5}},"loc":{"start":{"line":77,"column":14},"end":{"line":79,"column":5}},"line":77},"7":{"name":"(anonymous_7)","decl":{"start":{"line":80,"column":4},"end":{"line":80,"column":5}},"loc":{"start":{"line":80,"column":25},"end":{"line":82,"column":5}},"line":80},"8":{"name":"(anonymous_8)","decl":{"start":{"line":85,"column":4},"end":{"line":85,"column":5}},"loc":{"start":{"line":85,"column":23},"end":{"line":87,"column":5}},"line":85},"9":{"name":"(anonymous_9)","decl":{"start":{"line":88,"column":4},"end":{"line":88,"column":5}},"loc":{"start":{"line":88,"column":30},"end":{"line":90,"column":5}},"line":88},"10":{"name":"(anonymous_10)","decl":{"start":{"line":91,"column":4},"end":{"line":91,"column":5}},"loc":{"start":{"line":91,"column":28},"end":{"line":93,"column":5}},"line":91},"11":{"name":"(anonymous_11)","decl":{"start":{"line":94,"column":4},"end":{"line":94,"column":5}},"loc":{"start":{"line":94,"column":40},"end":{"line":96,"column":5}},"line":94},"12":{"name":"(anonymous_12)","decl":{"start":{"line":97,"column":4},"end":{"line":97,"column":5}},"loc":{"start":{"line":97,"column":31},"end":{"line":99,"column":5}},"line":97},"13":{"name":"(anonymous_13)","decl":{"start":{"line":100,"column":4},"end":{"line":100,"column":5}},"loc":{"start":{"line":100,"column":26},"end":{"line":102,"column":5}},"line":100},"14":{"name":"(anonymous_14)","decl":{"start":{"line":103,"column":4},"end":{"line":103,"column":5}},"loc":{"start":{"line":103,"column":30},"end":{"line":106,"column":5}},"line":103},"15":{"name":"(anonymous_15)","decl":{"start":{"line":107,"column":4},"end":{"line":107,"column":5}},"loc":{"start":{"line":107,"column":36},"end":{"line":109,"column":5}},"line":107},"16":{"name":"(anonymous_16)","decl":{"start":{"line":110,"column":4},"end":{"line":110,"column":5}},"loc":{"start":{"line":110,"column":31},"end":{"line":112,"column":5}},"line":110},"17":{"name":"(anonymous_17)","decl":{"start":{"line":113,"column":4},"end":{"line":113,"column":5}},"loc":{"start":{"line":113,"column":35},"end":{"line":115,"column":5}},"line":113},"18":{"name":"(anonymous_18)","decl":{"start":{"line":116,"column":4},"end":{"line":116,"column":5}},"loc":{"start":{"line":116,"column":42},"end":{"line":120,"column":5}},"line":116},"19":{"name":"(anonymous_19)","decl":{"start":{"line":121,"column":4},"end":{"line":121,"column":5}},"loc":{"start":{"line":121,"column":44},"end":{"line":125,"column":5}},"line":121},"20":{"name":"(anonymous_20)","decl":{"start":{"line":126,"column":4},"end":{"line":126,"column":5}},"loc":{"start":{"line":126,"column":48},"end":{"line":130,"column":5}},"line":126},"21":{"name":"(anonymous_21)","decl":{"start":{"line":131,"column":4},"end":{"line":131,"column":5}},"loc":{"start":{"line":131,"column":50},"end":{"line":135,"column":5}},"line":131},"22":{"name":"(anonymous_22)","decl":{"start":{"line":136,"column":4},"end":{"line":136,"column":5}},"loc":{"start":{"line":136,"column":47},"end":{"line":138,"column":5}},"line":136},"23":{"name":"(anonymous_23)","decl":{"start":{"line":139,"column":4},"end":{"line":139,"column":5}},"loc":{"start":{"line":139,"column":28},"end":{"line":141,"column":5}},"line":139},"24":{"name":"(anonymous_24)","decl":{"start":{"line":142,"column":4},"end":{"line":142,"column":5}},"loc":{"start":{"line":142,"column":28},"end":{"line":144,"column":5}},"line":142},"25":{"name":"(anonymous_25)","decl":{"start":{"line":145,"column":4},"end":{"line":145,"column":5}},"loc":{"start":{"line":145,"column":55},"end":{"line":147,"column":5}},"line":145},"26":{"name":"(anonymous_26)","decl":{"start":{"line":148,"column":4},"end":{"line":148,"column":5}},"loc":{"start":{"line":148,"column":46},"end":{"line":150,"column":5}},"line":148},"27":{"name":"(anonymous_27)","decl":{"start":{"line":151,"column":4},"end":{"line":151,"column":5}},"loc":{"start":{"line":151,"column":45},"end":{"line":153,"column":5}},"line":151},"28":{"name":"(anonymous_28)","decl":{"start":{"line":154,"column":4},"end":{"line":154,"column":5}},"loc":{"start":{"line":154,"column":20},"end":{"line":163,"column":5}},"line":154},"29":{"name":"(anonymous_29)","decl":{"start":{"line":164,"column":4},"end":{"line":164,"column":5}},"loc":{"start":{"line":164,"column":24},"end":{"line":169,"column":5}},"line":164},"30":{"name":"(anonymous_30)","decl":{"start":{"line":170,"column":4},"end":{"line":170,"column":5}},"loc":{"start":{"line":170,"column":21},"end":{"line":175,"column":5}},"line":170},"31":{"name":"(anonymous_31)","decl":{"start":{"line":176,"column":4},"end":{"line":176,"column":5}},"loc":{"start":{"line":176,"column":39},"end":{"line":178,"column":5}},"line":176},"32":{"name":"(anonymous_32)","decl":{"start":{"line":179,"column":4},"end":{"line":179,"column":5}},"loc":{"start":{"line":179,"column":25},"end":{"line":183,"column":5}},"line":179},"33":{"name":"(anonymous_33)","decl":{"start":{"line":186,"column":4},"end":{"line":186,"column":5}},"loc":{"start":{"line":186,"column":27},"end":{"line":188,"column":5}},"line":186},"34":{"name":"(anonymous_34)","decl":{"start":{"line":189,"column":4},"end":{"line":189,"column":5}},"loc":{"start":{"line":189,"column":36},"end":{"line":192,"column":5}},"line":189},"35":{"name":"(anonymous_35)","decl":{"start":{"line":193,"column":4},"end":{"line":193,"column":5}},"loc":{"start":{"line":193,"column":34},"end":{"line":196,"column":5}},"line":193},"36":{"name":"(anonymous_36)","decl":{"start":{"line":197,"column":4},"end":{"line":197,"column":5}},"loc":{"start":{"line":197,"column":50},"end":{"line":199,"column":5}},"line":197},"37":{"name":"(anonymous_37)","decl":{"start":{"line":200,"column":4},"end":{"line":200,"column":5}},"loc":{"start":{"line":200,"column":37},"end":{"line":208,"column":5}},"line":200},"38":{"name":"(anonymous_38)","decl":{"start":{"line":202,"column":14},"end":{"line":202,"column":15}},"loc":{"start":{"line":202,"column":28},"end":{"line":204,"column":9}},"line":202},"39":{"name":"(anonymous_39)","decl":{"start":{"line":205,"column":15},"end":{"line":205,"column":16}},"loc":{"start":{"line":205,"column":26},"end":{"line":207,"column":9}},"line":205},"40":{"name":"(anonymous_40)","decl":{"start":{"line":209,"column":4},"end":{"line":209,"column":5}},"loc":{"start":{"line":209,"column":30},"end":{"line":212,"column":5}},"line":209},"41":{"name":"(anonymous_41)","decl":{"start":{"line":213,"column":4},"end":{"line":213,"column":5}},"loc":{"start":{"line":213,"column":28},"end":{"line":215,"column":5}},"line":213},"42":{"name":"(anonymous_42)","decl":{"start":{"line":216,"column":4},"end":{"line":216,"column":5}},"loc":{"start":{"line":216,"column":29},"end":{"line":224,"column":5}},"line":216},"43":{"name":"(anonymous_43)","decl":{"start":{"line":218,"column":14},"end":{"line":218,"column":15}},"loc":{"start":{"line":218,"column":28},"end":{"line":220,"column":9}},"line":218},"44":{"name":"(anonymous_44)","decl":{"start":{"line":221,"column":15},"end":{"line":221,"column":16}},"loc":{"start":{"line":221,"column":26},"end":{"line":223,"column":9}},"line":221},"45":{"name":"(anonymous_45)","decl":{"start":{"line":225,"column":4},"end":{"line":225,"column":5}},"loc":{"start":{"line":225,"column":35},"end":{"line":231,"column":5}},"line":225},"46":{"name":"(anonymous_46)","decl":{"start":{"line":232,"column":4},"end":{"line":232,"column":5}},"loc":{"start":{"line":232,"column":38},"end":{"line":257,"column":5}},"line":232},"47":{"name":"(anonymous_47)","decl":{"start":{"line":258,"column":4},"end":{"line":258,"column":5}},"loc":{"start":{"line":258,"column":43},"end":{"line":267,"column":5}},"line":258},"48":{"name":"(anonymous_48)","decl":{"start":{"line":268,"column":4},"end":{"line":268,"column":5}},"loc":{"start":{"line":268,"column":36},"end":{"line":276,"column":5}},"line":268},"49":{"name":"(anonymous_49)","decl":{"start":{"line":277,"column":4},"end":{"line":277,"column":5}},"loc":{"start":{"line":277,"column":39},"end":{"line":284,"column":5}},"line":277},"50":{"name":"(anonymous_50)","decl":{"start":{"line":285,"column":4},"end":{"line":285,"column":5}},"loc":{"start":{"line":285,"column":42},"end":{"line":287,"column":5}},"line":285},"51":{"name":"(anonymous_51)","decl":{"start":{"line":288,"column":4},"end":{"line":288,"column":5}},"loc":{"start":{"line":288,"column":33},"end":{"line":291,"column":5}},"line":288},"52":{"name":"(anonymous_52)","decl":{"start":{"line":292,"column":4},"end":{"line":292,"column":5}},"loc":{"start":{"line":292,"column":41},"end":{"line":295,"column":5}},"line":292},"53":{"name":"(anonymous_53)","decl":{"start":{"line":296,"column":4},"end":{"line":296,"column":5}},"loc":{"start":{"line":296,"column":45},"end":{"line":299,"column":5}},"line":296},"54":{"name":"(anonymous_54)","decl":{"start":{"line":300,"column":4},"end":{"line":300,"column":5}},"loc":{"start":{"line":300,"column":25},"end":{"line":308,"column":5}},"line":300},"55":{"name":"(anonymous_55)","decl":{"start":{"line":302,"column":14},"end":{"line":302,"column":15}},"loc":{"start":{"line":302,"column":28},"end":{"line":304,"column":9}},"line":302},"56":{"name":"(anonymous_56)","decl":{"start":{"line":305,"column":15},"end":{"line":305,"column":16}},"loc":{"start":{"line":305,"column":26},"end":{"line":307,"column":9}},"line":305},"57":{"name":"(anonymous_57)","decl":{"start":{"line":309,"column":4},"end":{"line":309,"column":5}},"loc":{"start":{"line":309,"column":48},"end":{"line":317,"column":5}},"line":309},"58":{"name":"(anonymous_58)","decl":{"start":{"line":311,"column":14},"end":{"line":311,"column":15}},"loc":{"start":{"line":311,"column":28},"end":{"line":313,"column":9}},"line":311},"59":{"name":"(anonymous_59)","decl":{"start":{"line":314,"column":15},"end":{"line":314,"column":16}},"loc":{"start":{"line":314,"column":26},"end":{"line":316,"column":9}},"line":314},"60":{"name":"(anonymous_60)","decl":{"start":{"line":318,"column":4},"end":{"line":318,"column":5}},"loc":{"start":{"line":318,"column":34},"end":{"line":320,"column":5}},"line":318},"61":{"name":"(anonymous_61)","decl":{"start":{"line":321,"column":4},"end":{"line":321,"column":5}},"loc":{"start":{"line":321,"column":57},"end":{"line":323,"column":5}},"line":321},"62":{"name":"(anonymous_62)","decl":{"start":{"line":324,"column":4},"end":{"line":324,"column":5}},"loc":{"start":{"line":324,"column":38},"end":{"line":327,"column":5}},"line":324},"63":{"name":"(anonymous_63)","decl":{"start":{"line":328,"column":4},"end":{"line":328,"column":5}},"loc":{"start":{"line":328,"column":49},"end":{"line":332,"column":5}},"line":328},"64":{"name":"(anonymous_64)","decl":{"start":{"line":333,"column":4},"end":{"line":333,"column":5}},"loc":{"start":{"line":333,"column":48},"end":{"line":337,"column":5}},"line":333},"65":{"name":"(anonymous_65)","decl":{"start":{"line":338,"column":4},"end":{"line":338,"column":5}},"loc":{"start":{"line":338,"column":38},"end":{"line":341,"column":5}},"line":338},"66":{"name":"(anonymous_66)","decl":{"start":{"line":342,"column":4},"end":{"line":342,"column":5}},"loc":{"start":{"line":342,"column":33},"end":{"line":345,"column":5}},"line":342}},"branchMap":{"0":{"loc":{"start":{"line":54,"column":6},"end":{"line":56,"column":7}},"type":"if","locations":[{"start":{"line":54,"column":6},"end":{"line":56,"column":7}},{"start":{},"end":{}}],"line":54},"1":{"loc":{"start":{"line":60,"column":6},"end":{"line":62,"column":7}},"type":"if","locations":[{"start":{"line":60,"column":6},"end":{"line":62,"column":7}},{"start":{},"end":{}}],"line":60},"2":{"loc":{"start":{"line":66,"column":6},"end":{"line":68,"column":7}},"type":"if","locations":[{"start":{"line":66,"column":6},"end":{"line":68,"column":7}},{"start":{},"end":{}}],"line":66},"3":{"loc":{"start":{"line":117,"column":6},"end":{"line":119,"column":7}},"type":"if","locations":[{"start":{"line":117,"column":6},"end":{"line":119,"column":7}},{"start":{},"end":{}}],"line":117},"4":{"loc":{"start":{"line":122,"column":6},"end":{"line":124,"column":7}},"type":"if","locations":[{"start":{"line":122,"column":6},"end":{"line":124,"column":7}},{"start":{},"end":{}}],"line":122},"5":{"loc":{"start":{"line":127,"column":6},"end":{"line":129,"column":7}},"type":"if","locations":[{"start":{"line":127,"column":6},"end":{"line":129,"column":7}},{"start":{},"end":{}}],"line":127},"6":{"loc":{"start":{"line":132,"column":6},"end":{"line":134,"column":7}},"type":"if","locations":[{"start":{"line":132,"column":6},"end":{"line":134,"column":7}},{"start":{},"end":{}}],"line":132},"7":{"loc":{"start":{"line":157,"column":6},"end":{"line":162,"column":7}},"type":"if","locations":[{"start":{"line":157,"column":6},"end":{"line":162,"column":7}},{"start":{},"end":{}}],"line":157},"8":{"loc":{"start":{"line":166,"column":6},"end":{"line":168,"column":7}},"type":"if","locations":[{"start":{"line":166,"column":6},"end":{"line":168,"column":7}},{"start":{},"end":{}}],"line":166},"9":{"loc":{"start":{"line":172,"column":6},"end":{"line":174,"column":7}},"type":"if","locations":[{"start":{"line":172,"column":6},"end":{"line":174,"column":7}},{"start":{},"end":{}}],"line":172},"10":{"loc":{"start":{"line":263,"column":6},"end":{"line":265,"column":7}},"type":"if","locations":[{"start":{"line":263,"column":6},"end":{"line":265,"column":7}},{"start":{},"end":{}}],"line":263},"11":{"loc":{"start":{"line":273,"column":6},"end":{"line":275,"column":7}},"type":"if","locations":[{"start":{"line":273,"column":6},"end":{"line":275,"column":7}},{"start":{},"end":{}}],"line":273}},"s":{"0":0,"1":0,"2":0,"3":0,"4":0,"5":0,"6":0,"7":0,"8":0,"9":0,"10":0,"11":0,"12":0,"13":0,"14":0,"15":0,"16":0,"17":0,"18":0,"19":0,"20":0,"21":0,"22":0,"23":0,"24":0,"25":0,"26":0,"27":0,"28":0,"29":0,"30":0,"31":0,"32":0,"33":0,"34":0,"35":0,"36":0,"37":0,"38":0,"39":0,"40":0,"41":0,"42":0,"43":0,"44":0,"45":0,"46":0,"47":0,"48":0,"49":0,"50":0,"51":0,"52":0,"53":0,"54":0,"55":0,"56":0,"57":0,"58":0,"59":0,"60":0,"61":0,"62":0,"63":0,"64":0,"65":0,"66":0,"67":0,"68":0,"69":0,"70":0,"71":0,"72":0,"73":0,"74":0,"75":0,"76":0,"77":0,"78":0,"79":0,"80":0,"81":0,"82":0,"83":0,"84":0,"85":0,"86":0,"87":0,"88":0,"89":0,"90":0,"91":0,"92":0,"93":0,"94":0,"95":0,"96":0,"97":0,"98":0,"99":0,"100":0,"101":0,"102":0,"103":0,"104":0,"105":0,"106":0,"107":0,"108":0,"109":0,"110":0,"111":0,"112":0,"113":0,"114":0,"115":0,"116":0},"f":{"0":0,"1":0,"2":0,"3":0,"4":0,"5":0,"6":0,"7":0,"8":0,"9":0,"10":0,"11":0,"12":0,"13":0,"14":0,"15":0,"16":0,"17":0,"18":0,"19":0,"20":0,"21":0,"22":0,"23":0,"24":0,"25":0,"26":0,"27":0,"28":0,"29":0,"30":0,"31":0,"32":0,"33":0,"34":0,"35":0,"36":0,"37":0,"38":0,"39":0,"40":0,"41":0,"42":0,"43":0,"44":0,"45":0,"46":0,"47":0,"48":0,"49":0,"50":0,"51":0,"52":0,"53":0,"54":0,"55":0,"56":0,"57":0,"58":0,"59":0,"60":0,"61":0,"62":0,"63":0,"64":0,"65":0,"66":0},"b":{"0":[0,0],"1":[0,0],"2":[0,0],"3":[0,0],"4":[0,0],"5":[0,0],"6":[0,0],"7":[0,0],"8":[0,0],"9":[0,0],"10":[0,0],"11":[0,0]}}
,"/Users/mariusklemppetersen/Documents/NTNU/Semester4/Systemutvikling/boco-frontend/src/views/NotFoundView.vue": {"path":"/Users/mariusklemppetersen/Documents/NTNU/Semester4/Systemutvikling/boco-frontend/src/views/NotFoundView.vue","statementMap":{"0":{"start":{"line":7,"column":15},"end":{"line":7,"column":null}}},"fnMap":{},"branchMap":{},"s":{"0":0},"f":{},"b":{}}
,"/Users/mariusklemppetersen/Documents/NTNU/Semester4/Systemutvikling/boco-frontend/src/views/RegistrationView.vue": {"path":"/Users/mariusklemppetersen/Documents/NTNU/Semester4/Systemutvikling/boco-frontend/src/views/RegistrationView.vue","statementMap":{"0":{"start":{"line":4,"column":15},"end":{"line":4,"column":null}}},"fnMap":{},"branchMap":{},"s":{"0":0},"f":{},"b":{}}
,"/Users/mariusklemppetersen/Documents/NTNU/Semester4/Systemutvikling/boco-frontend/src/views/Rentals/MyRentals.vue": {"path":"/Users/mariusklemppetersen/Documents/NTNU/Semester4/Systemutvikling/boco-frontend/src/views/Rentals/MyRentals.vue","statementMap":{"0":{"start":{"line":15,"column":15},"end":{"line":15,"column":null}},"1":{"start":{"line":18,"column":4},"end":{"line":18,"column":9}}},"fnMap":{"0":{"name":"(anonymous_0)","decl":{"start":{"line":17,"column":2},"end":{"line":17,"column":9}},"loc":{"start":{"line":17,"column":12},"end":{"line":19,"column":null}}}},"branchMap":{},"s":{"0":0,"1":0},"f":{"0":0},"b":{}}
}
