TN:
SF:src/main.js
FNF:0
FNH:0
DA:10,0
DA:20,0
LF:2
LH:0
BRF:0
BRH:0
end_of_record
TN:
SF:src/components/ChatCard.vue
FN:38,(anonymous_0)
FN:44,(anonymous_1)
FN:47,(anonymous_2)
FN:53,(anonymous_3)
FN:62,(anonymous_4)
FNF:5
FNH:0
FNDA:0,(anonymous_0)
FNDA:0,(anonymous_1)
FNDA:0,(anonymous_2)
FNDA:0,(anonymous_3)
FNDA:0,(anonymous_4)
DA:29,0
DA:39,0
DA:40,0
DA:45,0
DA:48,0
DA:49,0
DA:51,0
DA:54,0
DA:55,0
DA:56,0
DA:58,0
DA:60,0
DA:63,0
DA:65,0
DA:67,0
DA:69,0
DA:71,0
DA:73,0
DA:75,0
DA:77,0
LF:20
LH:0
BRDA:48,0,0,0
BRDA:54,1,0,0
BRDA:55,2,0,0
BRDA:63,3,0,0
BRDA:63,3,1,0
BRDA:63,3,2,0
BRDA:63,3,3,0
BRDA:63,3,4,0
BRDA:63,3,5,0
BRDA:63,3,6,0
BRF:10
BRH:0
end_of_record
TN:
SF:src/components/FeedbackCard.vue
FNF:0
FNH:0
DA:11,0
LF:1
LH:0
BRF:0
BRH:0
end_of_record
TN:
SF:src/components/FooterComponent.vue
FNF:0
FNH:0
DA:9,0
LF:1
LH:0
BRF:0
BRH:0
end_of_record
TN:
SF:src/components/HamburgerMenu.vue
FN:89,(anonymous_0)
FN:97,(anonymous_1)
FN:102,(anonymous_2)
FN:111,(anonymous_3)
FN:121,(anonymous_4)
FN:124,(anonymous_5)
FNF:6
FNH:0
FNDA:0,(anonymous_0)
FNDA:0,(anonymous_1)
FNDA:0,(anonymous_2)
FNDA:0,(anonymous_3)
FNDA:0,(anonymous_4)
FNDA:0,(anonymous_5)
DA:86,0
DA:90,0
DA:91,0
DA:92,0
DA:94,0
DA:95,0
DA:98,0
DA:99,0
DA:100,0
DA:103,0
DA:104,0
DA:105,0
DA:107,0
DA:109,0
DA:112,0
DA:113,0
DA:115,0
DA:117,0
DA:122,0
DA:125,0
LF:20
LH:0
BRDA:90,0,0,0
BRDA:103,1,0,0
BRDA:103,1,1,0
BRDA:112,2,0,0
BRDA:112,2,1,0
BRF:5
BRH:0
end_of_record
TN:
SF:src/components/MessageBox.vue
FN:54,(anonymous_0)
FN:57,(anonymous_1)
FNF:2
FNH:0
FNDA:0,(anonymous_0)
FNDA:0,(anonymous_1)
DA:33,0
DA:55,0
DA:58,0
LF:3
LH:0
BRF:0
BRH:0
end_of_record
TN:
SF:src/components/baseTools/BaseButton.vue
FNF:0
FNH:0
DA:8,1
LF:1
LH:1
BRF:0
BRH:0
end_of_record
TN:
SF:src/components/baseTools/BaseCardHorizontal.vue
FNF:0
FNH:0
DA:8,0
LF:1
LH:0
BRF:0
BRH:0
end_of_record
TN:
SF:src/components/baseTools/BaseCheckbox.vue
FNF:0
FNH:0
DA:14,0
LF:1
LH:0
BRF:0
BRH:0
end_of_record
TN:
SF:src/components/baseTools/BaseErrorMessage.vue
FNF:0
FNH:0
DA:8,0
LF:1
LH:0
BRF:0
BRH:0
end_of_record
TN:
SF:src/components/baseTools/BaseInput.vue
FN:43,(anonymous_0)
FNF:1
FNH:0
FNDA:0,(anonymous_0)
DA:18,0
DA:44,0
LF:2
LH:0
BRF:0
BRH:0
end_of_record
TN:
SF:src/components/baseTools/BaseNotification.vue
FN:33,(anonymous_0)
FN:64,(anonymous_1)
FNF:2
FNH:0
FNDA:0,(anonymous_0)
FNDA:0,(anonymous_1)
DA:24,0
DA:34,0
DA:35,0
DA:37,0
DA:39,0
DA:41,0
DA:43,0
DA:45,0
DA:51,0
DA:53,0
DA:55,0
DA:61,0
DA:65,0
LF:13
LH:0
BRDA:35,0,0,0
BRDA:35,0,1,0
BRDA:35,0,2,0
BRDA:35,0,3,0
BRDA:35,0,4,0
BRDA:35,0,5,0
BRDA:35,0,6,0
BRDA:35,0,7,0
BRDA:35,0,8,0
BRF:9
BRH:0
end_of_record
TN:
SF:src/components/baseTools/baseQuestion.vue
FN:35,(anonymous_0)
FN:42,(anonymous_1)
FNF:2
FNH:0
FNDA:0,(anonymous_0)
FNDA:0,(anonymous_1)
DA:33,0
DA:36,0
DA:43,0
DA:44,0
LF:4
LH:0
BRF:0
BRH:0
end_of_record
TN:
SF:src/components/itemCards/ItemCardHorizontal.vue
FN:364,(anonymous_0)
FN:370,(anonymous_1)
FN:388,(anonymous_2)
FN:392,(anonymous_3)
FN:399,(anonymous_4)
FN:406,(anonymous_5)
FNF:6
FNH:0
FNDA:0,(anonymous_0)
FNDA:0,(anonymous_1)
FNDA:0,(anonymous_2)
FNDA:0,(anonymous_3)
FNDA:0,(anonymous_4)
FNDA:0,(anonymous_5)
DA:339,0
DA:365,0
DA:366,0
DA:371,0
DA:373,0
DA:375,0
DA:377,0
DA:379,0
DA:381,0
DA:383,0
DA:385,0
DA:389,0
DA:393,0
DA:394,0
DA:396,0
DA:400,0
DA:401,0
DA:403,0
DA:407,0
DA:408,0
DA:410,0
LF:21
LH:0
BRDA:371,0,0,0
BRDA:371,0,1,0
BRDA:371,0,2,0
BRDA:371,0,3,0
BRDA:371,0,4,0
BRDA:371,0,5,0
BRDA:371,0,6,0
BRDA:393,1,0,0
BRDA:393,1,1,0
BRDA:400,2,0,0
BRDA:400,2,1,0
BRDA:400,3,0,0
BRDA:400,3,1,0
BRDA:407,4,0,0
BRDA:407,4,1,0
BRF:15
BRH:0
end_of_record
TN:
SF:src/components/itemCards/ItemCardSquare.vue
FN:38,(anonymous_0)
FNF:1
FNH:0
FNDA:0,(anonymous_0)
DA:29,0
DA:39,0
LF:2
LH:0
BRF:0
BRH:0
end_of_record
TN:
SF:src/components/systemMessages/RatingSystemMessage.vue
FN:35,(anonymous_0)
FNF:1
FNH:0
FNDA:0,(anonymous_0)
DA:26,0
DA:36,0
LF:2
LH:0
BRF:0
BRH:0
end_of_record
TN:
SF:src/components/systemMessages/StatusSystemMessage.vue
FN:149,(anonymous_0)
FNF:1
FNH:0
FNDA:0,(anonymous_0)
DA:139,0
DA:150,0
DA:152,0
DA:154,0
DA:156,0
DA:158,0
DA:160,0
DA:162,0
DA:164,0
LF:9
LH:0
BRDA:150,0,0,0
BRDA:150,0,1,0
BRDA:150,0,2,0
BRDA:150,0,3,0
BRDA:150,0,4,0
BRDA:150,0,5,0
BRDA:150,0,6,0
BRF:7
BRH:0
end_of_record
TN:
SF:src/features/SetupFormComponent.js
FN:1,SetupFormComponent
FN:2,(anonymous_1)
FNF:2
FNH:0
FNDA:0,SetupFormComponent
FNDA:0,(anonymous_1)
DA:2,0
DA:3,0
DA:5,0
DA:6,0
DA:8,0
DA:11,0
LF:6
LH:0
BRDA:5,0,0,0
BRDA:5,0,1,0
BRDA:6,1,0,0
BRDA:6,1,1,0
BRF:4
BRH:0
end_of_record
TN:
SF:src/features/UniqueID.js
FN:3,UniqueID
FN:4,(anonymous_1)
FNF:2
FNH:0
FNDA:0,UniqueID
FNDA:0,(anonymous_1)
DA:1,0
DA:4,0
DA:5,0
DA:6,0
DA:9,0
LF:5
LH:0
BRF:0
BRH:0
end_of_record
TN:
SF:src/plugins/vuetify.js
FNF:0
FNH:0
LF:0
LH:0
BRF:0
BRH:0
end_of_record
TN:
SF:src/plugins/webfontloader.js
FN:7,loadFonts
FNF:1
FNH:0
FNDA:0,loadFonts
DA:8,0
DA:12,0
LF:2
LH:0
BRF:0
BRH:0
end_of_record
TN:
SF:src/router/index.js
FN:142,(anonymous_0)
FN:160,(anonymous_1)
FNF:2
FNH:0
FNDA:0,(anonymous_0)
FNDA:0,(anonymous_1)
DA:26,0
DA:143,0
DA:157,0
DA:161,0
LF:4
LH:0
BRF:0
BRH:0
end_of_record
TN:
SF:src/service/apiService.js
FN:43,connect
FN:47,(anonymous_1)
FN:52,getChat
FN:59,(anonymous_3)
FN:62,(anonymous_4)
FN:67,send
FN:71,doLogin
FN:79,(anonymous_7)
FN:82,(anonymous_8)
FN:86,doRegistration
FN:89,(anonymous_10)
FN:92,(anonymous_11)
FN:96,doEditUser
FN:107,(anonymous_13)
FN:111,(anonymous_14)
FN:115,doRegisterItem
FN:122,(anonymous_16)
FN:126,(anonymous_17)
FN:130,doRentalRequest
FN:141,(anonymous_19)
FN:144,(anonymous_20)
FN:150,(anonymous_21)
FN:165,getItems
FN:168,(anonymous_23)
FN:173,doRegisterFeedbackWebPage
FN:184,(anonymous_25)
FN:187,(anonymous_26)
FN:192,getFeedbacks
FN:199,(anonymous_28)
FN:205,updateItem
FN:212,(anonymous_30)
FN:217,deleteItem
FN:224,(anonymous_32)
FN:229,getMyItems
FN:236,(anonymous_34)
FN:240,getAllMyRentals
FN:247,(anonymous_36)
FN:252,getMyRentals
FN:262,(anonymous_38)
FN:266,getMyRentalsOwner
FN:281,(anonymous_40)
FN:285,getMyNotifications
FN:292,(anonymous_42)
FN:297,getRentalsForItem
FN:304,(anonymous_44)
FN:309,acceptRental
FN:316,(anonymous_46)
FN:321,rejectRental
FN:328,(anonymous_48)
FN:333,cancelRental
FN:340,(anonymous_50)
FN:344,getOccupiedDates
FN:351,(anonymous_52)
FN:355,changeNotification
FN:366,(anonymous_54)
FN:370,getUsers
FN:377,(anonymous_56)
FN:382,doRating
FN:389,(anonymous_58)
FN:395,updateRoleUsers
FN:402,(anonymous_60)
FN:408,search
FN:411,(anonymous_62)
FN:417,getAllRatingsUser
FN:424,(anonymous_64)
FN:429,getAllRatingsOwner
FN:436,(anonymous_66)
FN:440,getMeanRating
FN:443,(anonymous_68)
FN:448,getSent
FN:458,(anonymous_70)
FN:462,deleteUser
FN:469,(anonymous_72)
FNF:73
FNH:0
FNDA:0,connect
FNDA:0,(anonymous_1)
FNDA:0,getChat
FNDA:0,(anonymous_3)
FNDA:0,(anonymous_4)
FNDA:0,send
FNDA:0,doLogin
FNDA:0,(anonymous_7)
FNDA:0,(anonymous_8)
FNDA:0,doRegistration
FNDA:0,(anonymous_10)
FNDA:0,(anonymous_11)
FNDA:0,doEditUser
FNDA:0,(anonymous_13)
FNDA:0,(anonymous_14)
FNDA:0,doRegisterItem
FNDA:0,(anonymous_16)
FNDA:0,(anonymous_17)
FNDA:0,doRentalRequest
FNDA:0,(anonymous_19)
FNDA:0,(anonymous_20)
FNDA:0,(anonymous_21)
FNDA:0,getItems
FNDA:0,(anonymous_23)
FNDA:0,doRegisterFeedbackWebPage
FNDA:0,(anonymous_25)
FNDA:0,(anonymous_26)
FNDA:0,getFeedbacks
FNDA:0,(anonymous_28)
FNDA:0,updateItem
FNDA:0,(anonymous_30)
FNDA:0,deleteItem
FNDA:0,(anonymous_32)
FNDA:0,getMyItems
FNDA:0,(anonymous_34)
FNDA:0,getAllMyRentals
FNDA:0,(anonymous_36)
FNDA:0,getMyRentals
FNDA:0,(anonymous_38)
FNDA:0,getMyRentalsOwner
FNDA:0,(anonymous_40)
FNDA:0,getMyNotifications
FNDA:0,(anonymous_42)
FNDA:0,getRentalsForItem
FNDA:0,(anonymous_44)
FNDA:0,acceptRental
FNDA:0,(anonymous_46)
FNDA:0,rejectRental
FNDA:0,(anonymous_48)
FNDA:0,cancelRental
FNDA:0,(anonymous_50)
FNDA:0,getOccupiedDates
FNDA:0,(anonymous_52)
FNDA:0,changeNotification
FNDA:0,(anonymous_54)
FNDA:0,getUsers
FNDA:0,(anonymous_56)
FNDA:0,doRating
FNDA:0,(anonymous_58)
FNDA:0,updateRoleUsers
FNDA:0,(anonymous_60)
FNDA:0,search
FNDA:0,(anonymous_62)
FNDA:0,getAllRatingsUser
FNDA:0,(anonymous_64)
FNDA:0,getAllRatingsOwner
FNDA:0,(anonymous_66)
FNDA:0,getMeanRating
FNDA:0,(anonymous_68)
FNDA:0,getSent
FNDA:0,(anonymous_70)
FNDA:0,deleteUser
FNDA:0,(anonymous_72)
DA:5,1
DA:6,1
DA:44,0
DA:45,0
DA:47,0
DA:48,0
DA:53,0
DA:60,0
DA:63,0
DA:68,0
DA:72,0
DA:77,0
DA:80,0
DA:83,0
DA:87,0
DA:90,0
DA:93,0
DA:97,0
DA:108,0
DA:109,0
DA:112,0
DA:116,0
DA:123,0
DA:124,0
DA:127,0
DA:131,0
DA:142,0
DA:145,0
DA:151,0
DA:153,0
DA:155,0
DA:166,0
DA:169,0
DA:174,0
DA:185,0
DA:188,0
DA:193,0
DA:200,0
DA:201,0
DA:206,0
DA:213,0
DA:218,0
DA:225,0
DA:230,0
DA:237,0
DA:241,0
DA:248,0
DA:253,0
DA:263,0
DA:267,0
DA:282,0
DA:286,0
DA:293,0
DA:298,0
DA:305,0
DA:310,0
DA:317,0
DA:322,0
DA:329,0
DA:334,0
DA:341,0
DA:345,0
DA:352,0
DA:356,0
DA:367,0
DA:371,0
DA:378,0
DA:379,0
DA:383,0
DA:390,0
DA:391,0
DA:396,0
DA:403,0
DA:404,0
DA:409,0
DA:412,0
DA:413,0
DA:418,0
DA:425,0
DA:430,0
DA:437,0
DA:441,0
DA:444,0
DA:449,0
DA:459,0
DA:463,0
DA:470,0
LF:87
LH:2
BRF:0
BRH:0
end_of_record
TN:
SF:src/store/index.js
FN:23,(anonymous_0)
FN:53,(anonymous_1)
FN:59,(anonymous_2)
FN:65,(anonymous_3)
FN:71,(anonymous_4)
FN:74,(anonymous_5)
FN:77,(anonymous_6)
FN:80,(anonymous_7)
FN:85,(anonymous_8)
FN:88,(anonymous_9)
FN:91,(anonymous_10)
FN:94,(anonymous_11)
FN:97,(anonymous_12)
FN:100,(anonymous_13)
FN:103,(anonymous_14)
FN:107,(anonymous_15)
FN:110,(anonymous_16)
FN:113,(anonymous_17)
FN:116,(anonymous_18)
FN:121,(anonymous_19)
FN:126,(anonymous_20)
FN:131,(anonymous_21)
FN:136,(anonymous_22)
FN:139,(anonymous_23)
FN:142,(anonymous_24)
FN:145,(anonymous_25)
FN:148,(anonymous_26)
FN:151,(anonymous_27)
FN:154,(anonymous_28)
FN:164,(anonymous_29)
FN:170,(anonymous_30)
FN:176,(anonymous_31)
FN:179,(anonymous_32)
FN:186,(anonymous_33)
FN:189,(anonymous_34)
FN:193,(anonymous_35)
FN:197,(anonymous_36)
FN:200,(anonymous_37)
FN:202,(anonymous_38)
FN:205,(anonymous_39)
FN:209,(anonymous_40)
FN:213,(anonymous_41)
FN:216,(anonymous_42)
FN:218,(anonymous_43)
FN:221,(anonymous_44)
FN:225,(anonymous_45)
FN:232,(anonymous_46)
FN:258,(anonymous_47)
FN:268,(anonymous_48)
FN:277,(anonymous_49)
FN:285,(anonymous_50)
FN:288,(anonymous_51)
FN:292,(anonymous_52)
FN:296,(anonymous_53)
FN:300,(anonymous_54)
FN:302,(anonymous_55)
FN:305,(anonymous_56)
FN:309,(anonymous_57)
FN:311,(anonymous_58)
FN:314,(anonymous_59)
FN:318,(anonymous_60)
FN:321,(anonymous_61)
FN:324,(anonymous_62)
FN:328,(anonymous_63)
FN:333,(anonymous_64)
FN:338,(anonymous_65)
FN:342,(anonymous_66)
FNF:67
FNH:0
FNDA:0,(anonymous_0)
FNDA:0,(anonymous_1)
FNDA:0,(anonymous_2)
FNDA:0,(anonymous_3)
FNDA:0,(anonymous_4)
FNDA:0,(anonymous_5)
FNDA:0,(anonymous_6)
FNDA:0,(anonymous_7)
FNDA:0,(anonymous_8)
FNDA:0,(anonymous_9)
FNDA:0,(anonymous_10)
FNDA:0,(anonymous_11)
FNDA:0,(anonymous_12)
FNDA:0,(anonymous_13)
FNDA:0,(anonymous_14)
FNDA:0,(anonymous_15)
FNDA:0,(anonymous_16)
FNDA:0,(anonymous_17)
FNDA:0,(anonymous_18)
FNDA:0,(anonymous_19)
FNDA:0,(anonymous_20)
FNDA:0,(anonymous_21)
FNDA:0,(anonymous_22)
FNDA:0,(anonymous_23)
FNDA:0,(anonymous_24)
FNDA:0,(anonymous_25)
FNDA:0,(anonymous_26)
FNDA:0,(anonymous_27)
FNDA:0,(anonymous_28)
FNDA:0,(anonymous_29)
FNDA:0,(anonymous_30)
FNDA:0,(anonymous_31)
FNDA:0,(anonymous_32)
FNDA:0,(anonymous_33)
FNDA:0,(anonymous_34)
FNDA:0,(anonymous_35)
FNDA:0,(anonymous_36)
FNDA:0,(anonymous_37)
FNDA:0,(anonymous_38)
FNDA:0,(anonymous_39)
FNDA:0,(anonymous_40)
FNDA:0,(anonymous_41)
FNDA:0,(anonymous_42)
FNDA:0,(anonymous_43)
FNDA:0,(anonymous_44)
FNDA:0,(anonymous_45)
FNDA:0,(anonymous_46)
FNDA:0,(anonymous_47)
FNDA:0,(anonymous_48)
FNDA:0,(anonymous_49)
FNDA:0,(anonymous_50)
FNDA:0,(anonymous_51)
FNDA:0,(anonymous_52)
FNDA:0,(anonymous_53)
FNDA:0,(anonymous_54)
FNDA:0,(anonymous_55)
FNDA:0,(anonymous_56)
FNDA:0,(anonymous_57)
FNDA:0,(anonymous_58)
FNDA:0,(anonymous_59)
FNDA:0,(anonymous_60)
FNDA:0,(anonymous_61)
FNDA:0,(anonymous_62)
FNDA:0,(anonymous_63)
FNDA:0,(anonymous_64)
FNDA:0,(anonymous_65)
FNDA:0,(anonymous_66)
DA:23,0
DA:24,0
DA:48,0
DA:54,0
DA:55,0
DA:57,0
DA:60,0
DA:61,0
DA:63,0
DA:66,0
DA:67,0
DA:69,0
DA:72,0
DA:75,0
DA:78,0
DA:81,0
DA:86,0
DA:89,0
DA:92,0
DA:95,0
DA:98,0
DA:101,0
DA:104,0
DA:105,0
DA:108,0
DA:111,0
DA:114,0
DA:117,0
DA:118,0
DA:122,0
DA:123,0
DA:127,0
DA:128,0
DA:132,0
DA:133,0
DA:137,0
DA:140,0
DA:143,0
DA:146,0
DA:149,0
DA:152,0
DA:155,0
DA:156,0
DA:157,0
DA:158,0
DA:159,0
DA:160,0
DA:161,0
DA:165,0
DA:166,0
DA:167,0
DA:171,0
DA:172,0
DA:173,0
DA:177,0
DA:180,0
DA:181,0
DA:182,0
DA:187,0
DA:190,0
DA:191,0
DA:194,0
DA:195,0
DA:198,0
DA:201,0
DA:203,0
DA:206,0
DA:210,0
DA:211,0
DA:214,0
DA:217,0
DA:219,0
DA:222,0
DA:226,0
DA:230,0
DA:233,0
DA:238,0
DA:243,0
DA:248,0
DA:253,0
DA:254,0
DA:255,0
DA:256,0
DA:259,0
DA:263,0
DA:264,0
DA:266,0
DA:269,0
DA:273,0
DA:274,0
DA:278,0
DA:283,0
DA:286,0
DA:289,0
DA:290,0
DA:293,0
DA:294,0
DA:297,0
DA:298,0
DA:301,0
DA:303,0
DA:306,0
DA:310,0
DA:312,0
DA:315,0
DA:319,0
DA:322,0
DA:325,0
DA:326,0
DA:329,0
DA:331,0
DA:334,0
DA:336,0
DA:339,0
DA:340,0
DA:343,0
DA:344,0
LF:117
LH:0
BRDA:54,0,0,0
BRDA:54,0,1,0
BRDA:60,1,0,0
BRDA:60,1,1,0
BRDA:66,2,0,0
BRDA:66,2,1,0
BRDA:117,3,0,0
BRDA:117,3,1,0
BRDA:122,4,0,0
BRDA:122,4,1,0
BRDA:127,5,0,0
BRDA:127,5,1,0
BRDA:132,6,0,0
BRDA:132,6,1,0
BRDA:157,7,0,0
BRDA:157,7,1,0
BRDA:166,8,0,0
BRDA:166,8,1,0
BRDA:172,9,0,0
BRDA:172,9,1,0
BRDA:263,10,0,0
BRDA:263,10,1,0
BRDA:273,11,0,0
BRDA:273,11,1,0
BRF:24
BRH:0
end_of_record
TN:
SF:src/views/NotFoundView.vue
FNF:0
FNH:0
DA:7,0
LF:1
LH:0
BRF:0
BRH:0
end_of_record
TN:
SF:src/views/RegistrationView.vue
FNF:0
FNH:0
DA:4,0
LF:1
LH:0
BRF:0
BRH:0
end_of_record
TN:
SF:src/views/Rentals/MyRentals.vue
FN:17,(anonymous_0)
FNF:1
FNH:0
FNDA:0,(anonymous_0)
DA:15,0
DA:18,0
LF:2
LH:0
BRF:0
BRH:0
end_of_record
